{"/Users/okjisoo/Desktop/didYouDoThat/didYouDoThat-Client/.eslintrc.js": {"path":"/Users/okjisoo/Desktop/didYouDoThat/didYouDoThat-Client/.eslintrc.js","statementMap":{"0":{"start":{"line":1,"column":0},"end":{"line":33,"column":2}}},"fnMap":{},"branchMap":{},"s":{"0":0},"f":{},"b":{}}
,"/Users/okjisoo/Desktop/didYouDoThat/didYouDoThat-Client/App.js": {"path":"/Users/okjisoo/Desktop/didYouDoThat/didYouDoThat-Client/App.js","statementMap":{"0":{"start":{"line":13,"column":20},"end":{"line":20,"column":2}},"1":{"start":{"line":22,"column":20},"end":{"line":28,"column":1}},"2":{"start":{"line":30,"column":12},"end":{"line":51,"column":1}},"3":{"start":{"line":31,"column":19},"end":{"line":34,"column":4}},"4":{"start":{"line":36,"column":2},"end":{"line":38,"column":3}},"5":{"start":{"line":37,"column":4},"end":{"line":37,"column":16}},"6":{"start":{"line":40,"column":2},"end":{"line":50,"column":4}},"7":{"start":{"line":53,"column":0},"end":{"line":53,"column":39}},"8":{"start":{"line":54,"column":0},"end":{"line":56,"column":3}}},"fnMap":{"0":{"name":"(anonymous_0)","decl":{"start":{"line":30,"column":12},"end":{"line":30,"column":13}},"loc":{"start":{"line":30,"column":18},"end":{"line":51,"column":1}},"line":30}},"branchMap":{"0":{"loc":{"start":{"line":36,"column":2},"end":{"line":38,"column":3}},"type":"if","locations":[{"start":{"line":36,"column":2},"end":{"line":38,"column":3}},{"start":{},"end":{}}],"line":36}},"s":{"0":0,"1":0,"2":0,"3":0,"4":0,"5":0,"6":0,"7":0,"8":0},"f":{"0":0},"b":{"0":[0,0]}}
,"/Users/okjisoo/Desktop/didYouDoThat/didYouDoThat-Client/src/components/common/MovingCats.js": {"path":"/Users/okjisoo/Desktop/didYouDoThat/didYouDoThat-Client/src/components/common/MovingCats.js","statementMap":{"0":{"start":{"line":8,"column":27},"end":{"line":12,"column":1}},"1":{"start":{"line":14,"column":19},"end":{"line":74,"column":1}},"2":{"start":{"line":15,"column":20},"end":{"line":21,"column":3}},"3":{"start":{"line":23,"column":23},"end":{"line":29,"column":3}},"4":{"start":{"line":31,"column":19},"end":{"line":31,"column":40}},"5":{"start":{"line":32,"column":20},"end":{"line":32,"column":41}},"6":{"start":{"line":33,"column":19},"end":{"line":33,"column":40}},"7":{"start":{"line":35,"column":2},"end":{"line":44,"column":12}},"8":{"start":{"line":46,"column":2},"end":{"line":73,"column":4}}},"fnMap":{"0":{"name":"(anonymous_0)","decl":{"start":{"line":14,"column":19},"end":{"line":14,"column":20}},"loc":{"start":{"line":14,"column":25},"end":{"line":74,"column":1}},"line":14}},"branchMap":{},"s":{"0":0,"1":0,"2":0,"3":0,"4":0,"5":0,"6":0,"7":0,"8":0},"f":{"0":0},"b":{}}
,"/Users/okjisoo/Desktop/didYouDoThat/didYouDoThat-Client/src/components/common/userContextProvider.js": {"path":"/Users/okjisoo/Desktop/didYouDoThat/didYouDoThat-Client/src/components/common/userContextProvider.js","statementMap":{"0":{"start":{"line":5,"column":27},"end":{"line":5,"column":42}},"1":{"start":{"line":7,"column":28},"end":{"line":18,"column":1}},"2":{"start":{"line":8,"column":26},"end":{"line":11,"column":4}},"3":{"start":{"line":13,"column":2},"end":{"line":17,"column":4}},"4":{"start":{"line":20,"column":0},"end":{"line":22,"column":2}}},"fnMap":{"0":{"name":"(anonymous_0)","decl":{"start":{"line":7,"column":28},"end":{"line":7,"column":29}},"loc":{"start":{"line":7,"column":46},"end":{"line":18,"column":1}},"line":7}},"branchMap":{},"s":{"0":0,"1":0,"2":0,"3":0,"4":0},"f":{"0":0},"b":{}}
,"/Users/okjisoo/Desktop/didYouDoThat/didYouDoThat-Client/src/components/common/CustomButton/CustomButton.js": {"path":"/Users/okjisoo/Desktop/didYouDoThat/didYouDoThat-Client/src/components/common/CustomButton/CustomButton.js","statementMap":{"0":{"start":{"line":8,"column":0},"end":{"line":8,"column":55}},"1":{"start":{"line":9,"column":13},"end":{"line":9,"column":21}},"2":{"start":{"line":11,"column":21},"end":{"line":17,"column":1}},"3":{"start":{"line":12,"column":2},"end":{"line":16,"column":4}},"4":{"start":{"line":19,"column":0},"end":{"line":24,"column":2}}},"fnMap":{"0":{"name":"(anonymous_0)","decl":{"start":{"line":9,"column":13},"end":{"line":9,"column":14}},"loc":{"start":{"line":9,"column":19},"end":{"line":9,"column":21}},"line":9},"1":{"name":"(anonymous_1)","decl":{"start":{"line":11,"column":21},"end":{"line":11,"column":22}},"loc":{"start":{"line":11,"column":74},"end":{"line":17,"column":1}},"line":11}},"branchMap":{"0":{"loc":{"start":{"line":11,"column":38},"end":{"line":11,"column":51}},"type":"default-arg","locations":[{"start":{"line":11,"column":46},"end":{"line":11,"column":51}}],"line":11},"1":{"loc":{"start":{"line":11,"column":53},"end":{"line":11,"column":67}},"type":"default-arg","locations":[{"start":{"line":11,"column":63},"end":{"line":11,"column":67}}],"line":11}},"s":{"0":0,"1":0,"2":0,"3":0,"4":0},"f":{"0":0,"1":0},"b":{"0":[0],"1":[0]}}
,"/Users/okjisoo/Desktop/didYouDoThat/didYouDoThat-Client/src/components/common/CustomButton/CustomButton.style.js": {"path":"/Users/okjisoo/Desktop/didYouDoThat/didYouDoThat-Client/src/components/common/CustomButton/CustomButton.style.js","statementMap":{"0":{"start":{"line":3,"column":31},"end":{"line":11,"column":1}},"1":{"start":{"line":6,"column":22},"end":{"line":6,"column":44}},"2":{"start":{"line":10,"column":33},"end":{"line":10,"column":74}},"3":{"start":{"line":13,"column":26},"end":{"line":17,"column":1}},"4":{"start":{"line":14,"column":22},"end":{"line":14,"column":39}},"5":{"start":{"line":16,"column":28},"end":{"line":16,"column":48}}},"fnMap":{"0":{"name":"(anonymous_0)","decl":{"start":{"line":6,"column":11},"end":{"line":6,"column":12}},"loc":{"start":{"line":6,"column":22},"end":{"line":6,"column":44}},"line":6},"1":{"name":"(anonymous_1)","decl":{"start":{"line":10,"column":22},"end":{"line":10,"column":23}},"loc":{"start":{"line":10,"column":33},"end":{"line":10,"column":74}},"line":10},"2":{"name":"(anonymous_2)","decl":{"start":{"line":14,"column":11},"end":{"line":14,"column":12}},"loc":{"start":{"line":14,"column":22},"end":{"line":14,"column":39}},"line":14},"3":{"name":"(anonymous_3)","decl":{"start":{"line":16,"column":17},"end":{"line":16,"column":18}},"loc":{"start":{"line":16,"column":28},"end":{"line":16,"column":48}},"line":16}},"branchMap":{"0":{"loc":{"start":{"line":6,"column":22},"end":{"line":6,"column":44}},"type":"binary-expr","locations":[{"start":{"line":6,"column":22},"end":{"line":6,"column":33}},{"start":{"line":6,"column":37},"end":{"line":6,"column":44}}],"line":6},"1":{"loc":{"start":{"line":10,"column":33},"end":{"line":10,"column":74}},"type":"binary-expr","locations":[{"start":{"line":10,"column":33},"end":{"line":10,"column":44}},{"start":{"line":10,"column":48},"end":{"line":10,"column":74}}],"line":10}},"s":{"0":0,"1":0,"2":0,"3":0,"4":0,"5":0},"f":{"0":0,"1":0,"2":0,"3":0},"b":{"0":[0,0],"1":[0,0]}}
,"/Users/okjisoo/Desktop/didYouDoThat/didYouDoThat-Client/src/components/common/DeleteSwipe/DeleteSwipe.js": {"path":"/Users/okjisoo/Desktop/didYouDoThat/didYouDoThat-Client/src/components/common/DeleteSwipe/DeleteSwipe.js","statementMap":{"0":{"start":{"line":10,"column":20},"end":{"line":20,"column":1}},"1":{"start":{"line":11,"column":21},"end":{"line":11,"column":36}},"2":{"start":{"line":13,"column":2},"end":{"line":19,"column":4}},"3":{"start":{"line":15,"column":21},"end":{"line":15,"column":65}},"4":{"start":{"line":22,"column":0},"end":{"line":24,"column":2}}},"fnMap":{"0":{"name":"(anonymous_0)","decl":{"start":{"line":10,"column":20},"end":{"line":10,"column":21}},"loc":{"start":{"line":10,"column":39},"end":{"line":20,"column":1}},"line":10},"1":{"name":"(anonymous_1)","decl":{"start":{"line":15,"column":15},"end":{"line":15,"column":16}},"loc":{"start":{"line":15,"column":21},"end":{"line":15,"column":65}},"line":15}},"branchMap":{},"s":{"0":0,"1":0,"2":0,"3":0,"4":0},"f":{"0":0,"1":0},"b":{}}
,"/Users/okjisoo/Desktop/didYouDoThat/didYouDoThat-Client/src/components/common/DeleteSwipe/DeleteSwipe.style.js": {"path":"/Users/okjisoo/Desktop/didYouDoThat/didYouDoThat-Client/src/components/common/DeleteSwipe/DeleteSwipe.style.js","statementMap":{"0":{"start":{"line":3,"column":36},"end":{"line":10,"column":1}}},"fnMap":{},"branchMap":{},"s":{"0":0},"f":{},"b":{}}
,"/Users/okjisoo/Desktop/didYouDoThat/didYouDoThat-Client/src/components/common/EmptyHabit/EmptyHabit.js": {"path":"/Users/okjisoo/Desktop/didYouDoThat/didYouDoThat-Client/src/components/common/EmptyHabit/EmptyHabit.js","statementMap":{"0":{"start":{"line":10,"column":19},"end":{"line":22,"column":1}},"1":{"start":{"line":11,"column":2},"end":{"line":21,"column":4}}},"fnMap":{"0":{"name":"(anonymous_0)","decl":{"start":{"line":10,"column":19},"end":{"line":10,"column":20}},"loc":{"start":{"line":10,"column":25},"end":{"line":22,"column":1}},"line":10}},"branchMap":{},"s":{"0":0,"1":0},"f":{"0":0},"b":{}}
,"/Users/okjisoo/Desktop/didYouDoThat/didYouDoThat-Client/src/components/common/EmptyHabit/EmptyHabit.style.js": {"path":"/Users/okjisoo/Desktop/didYouDoThat/didYouDoThat-Client/src/components/common/EmptyHabit/EmptyHabit.style.js","statementMap":{"0":{"start":{"line":3,"column":35},"end":{"line":8,"column":1}},"1":{"start":{"line":10,"column":31},"end":{"line":14,"column":1}},"2":{"start":{"line":16,"column":31},"end":{"line":20,"column":1}},"3":{"start":{"line":18,"column":28},"end":{"line":18,"column":48}},"4":{"start":{"line":22,"column":30},"end":{"line":27,"column":1}},"5":{"start":{"line":24,"column":28},"end":{"line":24,"column":47}}},"fnMap":{"0":{"name":"(anonymous_0)","decl":{"start":{"line":18,"column":17},"end":{"line":18,"column":18}},"loc":{"start":{"line":18,"column":28},"end":{"line":18,"column":48}},"line":18},"1":{"name":"(anonymous_1)","decl":{"start":{"line":24,"column":17},"end":{"line":24,"column":18}},"loc":{"start":{"line":24,"column":28},"end":{"line":24,"column":47}},"line":24}},"branchMap":{},"s":{"0":0,"1":0,"2":0,"3":0,"4":0,"5":0},"f":{"0":0,"1":0},"b":{}}
,"/Users/okjisoo/Desktop/didYouDoThat/didYouDoThat-Client/src/components/common/Habit/Habit.js": {"path":"/Users/okjisoo/Desktop/didYouDoThat/didYouDoThat-Client/src/components/common/Habit/Habit.js","statementMap":{"0":{"start":{"line":29,"column":14},"end":{"line":121,"column":1}},"1":{"start":{"line":30,"column":17},"end":{"line":30,"column":28}},"2":{"start":{"line":31,"column":21},"end":{"line":31,"column":36}},"3":{"start":{"line":32,"column":22},"end":{"line":32,"column":38}},"4":{"start":{"line":33,"column":19},"end":{"line":33,"column":68}},"5":{"start":{"line":35,"column":23},"end":{"line":35,"column":74}},"6":{"start":{"line":36,"column":42},"end":{"line":36,"column":70}},"7":{"start":{"line":38,"column":19},"end":{"line":38,"column":50}},"8":{"start":{"line":40,"column":25},"end":{"line":45,"column":15}},"9":{"start":{"line":41,"column":22},"end":{"line":41,"column":60}},"10":{"start":{"line":42,"column":29},"end":{"line":42,"column":50}},"11":{"start":{"line":44,"column":4},"end":{"line":44,"column":66}},"12":{"start":{"line":47,"column":21},"end":{"line":54,"column":4}},"13":{"start":{"line":49,"column":6},"end":{"line":49,"column":41}},"14":{"start":{"line":52,"column":6},"end":{"line":52,"column":77}},"15":{"start":{"line":56,"column":36},"end":{"line":58,"column":3}},"16":{"start":{"line":57,"column":4},"end":{"line":57,"column":59}},"17":{"start":{"line":60,"column":2},"end":{"line":120,"column":4}},"18":{"start":{"line":64,"column":10},"end":{"line":64,"column":73}},"19":{"start":{"line":76,"column":18},"end":{"line":79,"column":21}},"20":{"start":{"line":123,"column":0},"end":{"line":135,"column":2}}},"fnMap":{"0":{"name":"(anonymous_0)","decl":{"start":{"line":29,"column":14},"end":{"line":29,"column":15}},"loc":{"start":{"line":29,"column":64},"end":{"line":121,"column":1}},"line":29},"1":{"name":"(anonymous_1)","decl":{"start":{"line":40,"column":49},"end":{"line":40,"column":50}},"loc":{"start":{"line":40,"column":63},"end":{"line":45,"column":3}},"line":40},"2":{"name":"(anonymous_2)","decl":{"start":{"line":48,"column":13},"end":{"line":48,"column":14}},"loc":{"start":{"line":48,"column":24},"end":{"line":50,"column":5}},"line":48},"3":{"name":"(anonymous_3)","decl":{"start":{"line":51,"column":15},"end":{"line":51,"column":16}},"loc":{"start":{"line":51,"column":21},"end":{"line":53,"column":5}},"line":51},"4":{"name":"(anonymous_4)","decl":{"start":{"line":56,"column":36},"end":{"line":56,"column":37}},"loc":{"start":{"line":56,"column":42},"end":{"line":58,"column":3}},"line":56},"5":{"name":"(anonymous_5)","decl":{"start":{"line":63,"column":28},"end":{"line":63,"column":29}},"loc":{"start":{"line":63,"column":34},"end":{"line":65,"column":9}},"line":63},"6":{"name":"(anonymous_6)","decl":{"start":{"line":75,"column":16},"end":{"line":75,"column":17}},"loc":{"start":{"line":75,"column":22},"end":{"line":80,"column":17}},"line":75}},"branchMap":{"0":{"loc":{"start":{"line":64,"column":17},"end":{"line":64,"column":72}},"type":"cond-expr","locations":[{"start":{"line":64,"column":28},"end":{"line":64,"column":65}},{"start":{"line":64,"column":68},"end":{"line":64,"column":72}}],"line":64},"1":{"loc":{"start":{"line":70,"column":14},"end":{"line":70,"column":68}},"type":"cond-expr","locations":[{"start":{"line":70,"column":45},"end":{"line":70,"column":54}},{"start":{"line":70,"column":57},"end":{"line":70,"column":68}}],"line":70},"2":{"loc":{"start":{"line":70,"column":14},"end":{"line":70,"column":42}},"type":"binary-expr","locations":[{"start":{"line":70,"column":14},"end":{"line":70,"column":24}},{"start":{"line":70,"column":28},"end":{"line":70,"column":42}}],"line":70},"3":{"loc":{"start":{"line":73,"column":12},"end":{"line":80,"column":17}},"type":"cond-expr","locations":[{"start":{"line":74,"column":16},"end":{"line":74,"column":41}},{"start":{"line":75,"column":16},"end":{"line":80,"column":17}}],"line":73},"4":{"loc":{"start":{"line":89,"column":18},"end":{"line":91,"column":33}},"type":"cond-expr","locations":[{"start":{"line":90,"column":22},"end":{"line":90,"column":43}},{"start":{"line":91,"column":22},"end":{"line":91,"column":33}}],"line":89},"5":{"loc":{"start":{"line":89,"column":18},"end":{"line":89,"column":46}},"type":"binary-expr","locations":[{"start":{"line":89,"column":18},"end":{"line":89,"column":28}},{"start":{"line":89,"column":32},"end":{"line":89,"column":46}}],"line":89},"6":{"loc":{"start":{"line":93,"column":18},"end":{"line":93,"column":72}},"type":"cond-expr","locations":[{"start":{"line":93,"column":49},"end":{"line":93,"column":63}},{"start":{"line":93,"column":66},"end":{"line":93,"column":72}}],"line":93},"7":{"loc":{"start":{"line":93,"column":18},"end":{"line":93,"column":46}},"type":"binary-expr","locations":[{"start":{"line":93,"column":18},"end":{"line":93,"column":28}},{"start":{"line":93,"column":32},"end":{"line":93,"column":46}}],"line":93},"8":{"loc":{"start":{"line":95,"column":18},"end":{"line":97,"column":33}},"type":"cond-expr","locations":[{"start":{"line":96,"column":22},"end":{"line":96,"column":42}},{"start":{"line":97,"column":22},"end":{"line":97,"column":33}}],"line":95},"9":{"loc":{"start":{"line":95,"column":18},"end":{"line":95,"column":46}},"type":"binary-expr","locations":[{"start":{"line":95,"column":18},"end":{"line":95,"column":28}},{"start":{"line":95,"column":32},"end":{"line":95,"column":46}}],"line":95},"10":{"loc":{"start":{"line":98,"column":34},"end":{"line":98,"column":70}},"type":"cond-expr","locations":[{"start":{"line":98,"column":65},"end":{"line":98,"column":66}},{"start":{"line":98,"column":69},"end":{"line":98,"column":70}}],"line":98},"11":{"loc":{"start":{"line":98,"column":34},"end":{"line":98,"column":62}},"type":"binary-expr","locations":[{"start":{"line":98,"column":34},"end":{"line":98,"column":44}},{"start":{"line":98,"column":48},"end":{"line":98,"column":62}}],"line":98},"12":{"loc":{"start":{"line":103,"column":13},"end":{"line":109,"column":20}},"type":"cond-expr","locations":[{"start":{"line":104,"column":14},"end":{"line":106,"column":29}},{"start":{"line":107,"column":16},"end":{"line":109,"column":20}}],"line":103},"13":{"loc":{"start":{"line":107,"column":16},"end":{"line":109,"column":20}},"type":"cond-expr","locations":[{"start":{"line":108,"column":14},"end":{"line":108,"column":61}},{"start":{"line":109,"column":16},"end":{"line":109,"column":20}}],"line":107}},"s":{"0":0,"1":0,"2":0,"3":0,"4":0,"5":0,"6":0,"7":0,"8":0,"9":0,"10":0,"11":0,"12":0,"13":0,"14":0,"15":0,"16":0,"17":0,"18":0,"19":0,"20":0},"f":{"0":0,"1":0,"2":0,"3":0,"4":0,"5":0,"6":0},"b":{"0":[0,0],"1":[0,0],"2":[0,0],"3":[0,0],"4":[0,0],"5":[0,0],"6":[0,0],"7":[0,0],"8":[0,0],"9":[0,0],"10":[0,0],"11":[0,0],"12":[0,0],"13":[0,0]}}
,"/Users/okjisoo/Desktop/didYouDoThat/didYouDoThat-Client/src/components/common/Habit/Habit.style.js": {"path":"/Users/okjisoo/Desktop/didYouDoThat/didYouDoThat-Client/src/components/common/Habit/Habit.style.js","statementMap":{"0":{"start":{"line":3,"column":37},"end":{"line":14,"column":1}},"1":{"start":{"line":7,"column":22},"end":{"line":7,"column":42}},"2":{"start":{"line":13,"column":33},"end":{"line":13,"column":50}},"3":{"start":{"line":16,"column":44},"end":{"line":21,"column":1}},"4":{"start":{"line":23,"column":34},"end":{"line":26,"column":1}},"5":{"start":{"line":28,"column":29},"end":{"line":32,"column":1}},"6":{"start":{"line":34,"column":36},"end":{"line":41,"column":1}},"7":{"start":{"line":43,"column":32},"end":{"line":46,"column":1}},"8":{"start":{"line":48,"column":31},"end":{"line":51,"column":1}},"9":{"start":{"line":49,"column":28},"end":{"line":49,"column":47}},"10":{"start":{"line":53,"column":26},"end":{"line":57,"column":1}},"11":{"start":{"line":55,"column":28},"end":{"line":55,"column":48}},"12":{"start":{"line":59,"column":28},"end":{"line":62,"column":1}},"13":{"start":{"line":60,"column":28},"end":{"line":60,"column":47}},"14":{"start":{"line":64,"column":32},"end":{"line":67,"column":1}},"15":{"start":{"line":65,"column":28},"end":{"line":65,"column":47}}},"fnMap":{"0":{"name":"(anonymous_0)","decl":{"start":{"line":7,"column":11},"end":{"line":7,"column":12}},"loc":{"start":{"line":7,"column":22},"end":{"line":7,"column":42}},"line":7},"1":{"name":"(anonymous_1)","decl":{"start":{"line":13,"column":22},"end":{"line":13,"column":23}},"loc":{"start":{"line":13,"column":33},"end":{"line":13,"column":50}},"line":13},"2":{"name":"(anonymous_2)","decl":{"start":{"line":49,"column":17},"end":{"line":49,"column":18}},"loc":{"start":{"line":49,"column":28},"end":{"line":49,"column":47}},"line":49},"3":{"name":"(anonymous_3)","decl":{"start":{"line":55,"column":17},"end":{"line":55,"column":18}},"loc":{"start":{"line":55,"column":28},"end":{"line":55,"column":48}},"line":55},"4":{"name":"(anonymous_4)","decl":{"start":{"line":60,"column":17},"end":{"line":60,"column":18}},"loc":{"start":{"line":60,"column":28},"end":{"line":60,"column":47}},"line":60},"5":{"name":"(anonymous_5)","decl":{"start":{"line":65,"column":17},"end":{"line":65,"column":18}},"loc":{"start":{"line":65,"column":28},"end":{"line":65,"column":47}},"line":65}},"branchMap":{"0":{"loc":{"start":{"line":7,"column":22},"end":{"line":7,"column":42}},"type":"binary-expr","locations":[{"start":{"line":7,"column":22},"end":{"line":7,"column":33}},{"start":{"line":7,"column":37},"end":{"line":7,"column":42}}],"line":7}},"s":{"0":0,"1":0,"2":0,"3":0,"4":0,"5":0,"6":0,"7":0,"8":0,"9":0,"10":0,"11":0,"12":0,"13":0,"14":0,"15":0},"f":{"0":0,"1":0,"2":0,"3":0,"4":0,"5":0},"b":{"0":[0,0]}}
,"/Users/okjisoo/Desktop/didYouDoThat/didYouDoThat-Client/src/components/common/HeaderTitle/HeaderTitle.js": {"path":"/Users/okjisoo/Desktop/didYouDoThat/didYouDoThat-Client/src/components/common/HeaderTitle/HeaderTitle.js","statementMap":{"0":{"start":{"line":9,"column":20},"end":{"line":16,"column":1}},"1":{"start":{"line":10,"column":2},"end":{"line":15,"column":4}}},"fnMap":{"0":{"name":"(anonymous_0)","decl":{"start":{"line":9,"column":20},"end":{"line":9,"column":21}},"loc":{"start":{"line":9,"column":26},"end":{"line":16,"column":1}},"line":9}},"branchMap":{},"s":{"0":0,"1":0},"f":{"0":0},"b":{}}
,"/Users/okjisoo/Desktop/didYouDoThat/didYouDoThat-Client/src/components/common/HeaderTitle/HeaderTitle.style.js": {"path":"/Users/okjisoo/Desktop/didYouDoThat/didYouDoThat-Client/src/components/common/HeaderTitle/HeaderTitle.style.js","statementMap":{"0":{"start":{"line":3,"column":36},"end":{"line":7,"column":1}},"1":{"start":{"line":9,"column":27},"end":{"line":12,"column":1}},"2":{"start":{"line":14,"column":26},"end":{"line":17,"column":1}},"3":{"start":{"line":16,"column":28},"end":{"line":16,"column":48}}},"fnMap":{"0":{"name":"(anonymous_0)","decl":{"start":{"line":16,"column":17},"end":{"line":16,"column":18}},"loc":{"start":{"line":16,"column":28},"end":{"line":16,"column":48}},"line":16}},"branchMap":{},"s":{"0":0,"1":0,"2":0,"3":0},"f":{"0":0},"b":{}}
,"/Users/okjisoo/Desktop/didYouDoThat/didYouDoThat-Client/src/components/common/Loading/Loading.js": {"path":"/Users/okjisoo/Desktop/didYouDoThat/didYouDoThat-Client/src/components/common/Loading/Loading.js","statementMap":{"0":{"start":{"line":12,"column":20},"end":{"line":38,"column":1}},"1":{"start":{"line":13,"column":48},"end":{"line":13,"column":60}},"2":{"start":{"line":15,"column":4},"end":{"line":15,"column":73}},"3":{"start":{"line":18,"column":2},"end":{"line":26,"column":24}},"4":{"start":{"line":19,"column":26},"end":{"line":23,"column":31}},"5":{"start":{"line":20,"column":6},"end":{"line":22,"column":69}},"6":{"start":{"line":25,"column":4},"end":{"line":25,"column":46}},"7":{"start":{"line":25,"column":17},"end":{"line":25,"column":45}},"8":{"start":{"line":28,"column":2},"end":{"line":37,"column":4}},"9":{"start":{"line":33,"column":10},"end":{"line":33,"column":48}}},"fnMap":{"0":{"name":"(anonymous_0)","decl":{"start":{"line":12,"column":20},"end":{"line":12,"column":21}},"loc":{"start":{"line":12,"column":26},"end":{"line":38,"column":1}},"line":12},"1":{"name":"(anonymous_1)","decl":{"start":{"line":18,"column":12},"end":{"line":18,"column":13}},"loc":{"start":{"line":18,"column":18},"end":{"line":26,"column":3}},"line":18},"2":{"name":"(anonymous_2)","decl":{"start":{"line":19,"column":38},"end":{"line":19,"column":39}},"loc":{"start":{"line":19,"column":44},"end":{"line":23,"column":5}},"line":19},"3":{"name":"(anonymous_3)","decl":{"start":{"line":25,"column":11},"end":{"line":25,"column":12}},"loc":{"start":{"line":25,"column":17},"end":{"line":25,"column":45}},"line":25},"4":{"name":"(anonymous_4)","decl":{"start":{"line":32,"column":29},"end":{"line":32,"column":30}},"loc":{"start":{"line":33,"column":10},"end":{"line":33,"column":48}},"line":33}},"branchMap":{"0":{"loc":{"start":{"line":20,"column":6},"end":{"line":22,"column":68}},"type":"cond-expr","locations":[{"start":{"line":21,"column":10},"end":{"line":21,"column":32}},{"start":{"line":22,"column":10},"end":{"line":22,"column":68}}],"line":20}},"s":{"0":1,"1":1,"2":1,"3":0,"4":0,"5":0,"6":0,"7":0,"8":0,"9":0},"f":{"0":1,"1":0,"2":0,"3":0,"4":0},"b":{"0":[0,0]},"_coverageSchema":"1a1c01bbd47fc00a2c39e90264f33305004495a9","hash":"5c22a31cfd4acd565483c25168ad137e1fb88f0a"}
,"/Users/okjisoo/Desktop/didYouDoThat/didYouDoThat-Client/src/components/common/Loading/Loading.style.js": {"path":"/Users/okjisoo/Desktop/didYouDoThat/didYouDoThat-Client/src/components/common/Loading/Loading.style.js","statementMap":{"0":{"start":{"line":3,"column":32},"end":{"line":7,"column":1}},"1":{"start":{"line":9,"column":37},"end":{"line":12,"column":1}},"2":{"start":{"line":14,"column":28},"end":{"line":18,"column":1}},"3":{"start":{"line":20,"column":28},"end":{"line":23,"column":1}},"4":{"start":{"line":22,"column":28},"end":{"line":22,"column":47}}},"fnMap":{"0":{"name":"(anonymous_0)","decl":{"start":{"line":22,"column":17},"end":{"line":22,"column":18}},"loc":{"start":{"line":22,"column":28},"end":{"line":22,"column":47}},"line":22}},"branchMap":{},"s":{"0":1,"1":1,"2":1,"3":1,"4":0},"f":{"0":0},"b":{},"_coverageSchema":"1a1c01bbd47fc00a2c39e90264f33305004495a9","hash":"b2a926ba32f72c33bb142797fe2d328607914d6b"}
,"/Users/okjisoo/Desktop/didYouDoThat/didYouDoThat-Client/src/components/common/ModalForScreen/ModalForScreen.js": {"path":"/Users/okjisoo/Desktop/didYouDoThat/didYouDoThat-Client/src/components/common/ModalForScreen/ModalForScreen.js","statementMap":{"0":{"start":{"line":15,"column":23},"end":{"line":38,"column":1}},"1":{"start":{"line":16,"column":21},"end":{"line":16,"column":36}},"2":{"start":{"line":18,"column":28},"end":{"line":20,"column":3}},"3":{"start":{"line":19,"column":4},"end":{"line":19,"column":24}},"4":{"start":{"line":22,"column":2},"end":{"line":37,"column":4}},"5":{"start":{"line":40,"column":0},"end":{"line":43,"column":2}}},"fnMap":{"0":{"name":"(anonymous_0)","decl":{"start":{"line":15,"column":23},"end":{"line":15,"column":24}},"loc":{"start":{"line":15,"column":56},"end":{"line":38,"column":1}},"line":15},"1":{"name":"(anonymous_1)","decl":{"start":{"line":18,"column":28},"end":{"line":18,"column":29}},"loc":{"start":{"line":18,"column":34},"end":{"line":20,"column":3}},"line":18}},"branchMap":{},"s":{"0":0,"1":0,"2":0,"3":0,"4":0,"5":0},"f":{"0":0,"1":0},"b":{}}
,"/Users/okjisoo/Desktop/didYouDoThat/didYouDoThat-Client/src/components/common/ModalForScreen/ModalForScreen.style.js": {"path":"/Users/okjisoo/Desktop/didYouDoThat/didYouDoThat-Client/src/components/common/ModalForScreen/ModalForScreen.style.js","statementMap":{"0":{"start":{"line":3,"column":30},"end":{"line":5,"column":1}},"1":{"start":{"line":7,"column":31},"end":{"line":12,"column":1}},"2":{"start":{"line":14,"column":37},"end":{"line":24,"column":1}},"3":{"start":{"line":19,"column":23},"end":{"line":19,"column":43}},"4":{"start":{"line":23,"column":33},"end":{"line":23,"column":53}},"5":{"start":{"line":26,"column":37},"end":{"line":30,"column":1}}},"fnMap":{"0":{"name":"(anonymous_0)","decl":{"start":{"line":19,"column":12},"end":{"line":19,"column":13}},"loc":{"start":{"line":19,"column":23},"end":{"line":19,"column":43}},"line":19},"1":{"name":"(anonymous_1)","decl":{"start":{"line":23,"column":22},"end":{"line":23,"column":23}},"loc":{"start":{"line":23,"column":33},"end":{"line":23,"column":53}},"line":23}},"branchMap":{"0":{"loc":{"start":{"line":19,"column":23},"end":{"line":19,"column":43}},"type":"binary-expr","locations":[{"start":{"line":19,"column":23},"end":{"line":19,"column":34}},{"start":{"line":19,"column":38},"end":{"line":19,"column":43}}],"line":19}},"s":{"0":0,"1":0,"2":0,"3":0,"4":0,"5":0},"f":{"0":0,"1":0},"b":{"0":[0,0]}}
,"/Users/okjisoo/Desktop/didYouDoThat/didYouDoThat-Client/src/components/common/StartModal/StartModal.js": {"path":"/Users/okjisoo/Desktop/didYouDoThat/didYouDoThat-Client/src/components/common/StartModal/StartModal.js","statementMap":{"0":{"start":{"line":23,"column":19},"end":{"line":80,"column":1}},"1":{"start":{"line":24,"column":28},"end":{"line":34,"column":3}},"2":{"start":{"line":25,"column":4},"end":{"line":25,"column":28}},"3":{"start":{"line":27,"column":29},"end":{"line":27,"column":39}},"4":{"start":{"line":28,"column":4},"end":{"line":31,"column":6}},"5":{"start":{"line":33,"column":4},"end":{"line":33,"column":26}},"6":{"start":{"line":36,"column":2},"end":{"line":79,"column":4}},"7":{"start":{"line":45,"column":10},"end":{"line":45,"column":32}},"8":{"start":{"line":54,"column":14},"end":{"line":59,"column":43}},"9":{"start":{"line":67,"column":29},"end":{"line":67,"column":50}},"10":{"start":{"line":82,"column":0},"end":{"line":86,"column":2}}},"fnMap":{"0":{"name":"(anonymous_0)","decl":{"start":{"line":23,"column":19},"end":{"line":23,"column":20}},"loc":{"start":{"line":23,"column":67},"end":{"line":80,"column":1}},"line":23},"1":{"name":"(anonymous_1)","decl":{"start":{"line":24,"column":28},"end":{"line":24,"column":29}},"loc":{"start":{"line":24,"column":39},"end":{"line":34,"column":3}},"line":24},"2":{"name":"(anonymous_2)","decl":{"start":{"line":44,"column":17},"end":{"line":44,"column":18}},"loc":{"start":{"line":44,"column":23},"end":{"line":46,"column":9}},"line":44},"3":{"name":"(anonymous_3)","decl":{"start":{"line":53,"column":27},"end":{"line":53,"column":28}},"loc":{"start":{"line":54,"column":14},"end":{"line":59,"column":43}},"line":54},"4":{"name":"(anonymous_4)","decl":{"start":{"line":67,"column":23},"end":{"line":67,"column":24}},"loc":{"start":{"line":67,"column":29},"end":{"line":67,"column":50}},"line":67}},"branchMap":{},"s":{"0":0,"1":0,"2":0,"3":0,"4":0,"5":0,"6":0,"7":0,"8":0,"9":0,"10":0},"f":{"0":0,"1":0,"2":0,"3":0,"4":0},"b":{}}
,"/Users/okjisoo/Desktop/didYouDoThat/didYouDoThat-Client/src/components/common/StartModal/StartModal.style.js": {"path":"/Users/okjisoo/Desktop/didYouDoThat/didYouDoThat-Client/src/components/common/StartModal/StartModal.style.js","statementMap":{"0":{"start":{"line":3,"column":42},"end":{"line":8,"column":1}},"1":{"start":{"line":10,"column":33},"end":{"line":16,"column":1}},"2":{"start":{"line":18,"column":31},"end":{"line":23,"column":1}},"3":{"start":{"line":20,"column":28},"end":{"line":20,"column":48}},"4":{"start":{"line":25,"column":44},"end":{"line":29,"column":1}},"5":{"start":{"line":31,"column":42},"end":{"line":36,"column":1}},"6":{"start":{"line":38,"column":40},"end":{"line":42,"column":1}},"7":{"start":{"line":44,"column":39},"end":{"line":49,"column":1}},"8":{"start":{"line":47,"column":28},"end":{"line":47,"column":47}},"9":{"start":{"line":51,"column":37},"end":{"line":55,"column":1}},"10":{"start":{"line":57,"column":40},"end":{"line":62,"column":1}}},"fnMap":{"0":{"name":"(anonymous_0)","decl":{"start":{"line":20,"column":17},"end":{"line":20,"column":18}},"loc":{"start":{"line":20,"column":28},"end":{"line":20,"column":48}},"line":20},"1":{"name":"(anonymous_1)","decl":{"start":{"line":47,"column":17},"end":{"line":47,"column":18}},"loc":{"start":{"line":47,"column":28},"end":{"line":47,"column":47}},"line":47}},"branchMap":{},"s":{"0":0,"1":0,"2":0,"3":0,"4":0,"5":0,"6":0,"7":0,"8":0,"9":0,"10":0},"f":{"0":0,"1":0},"b":{}}
,"/Users/okjisoo/Desktop/didYouDoThat/didYouDoThat-Client/src/components/screens/AlarmScreen/AlarmScreen.js": {"path":"/Users/okjisoo/Desktop/didYouDoThat/didYouDoThat-Client/src/components/screens/AlarmScreen/AlarmScreen.js","statementMap":{"0":{"start":{"line":19,"column":20},"end":{"line":96,"column":1}},"1":{"start":{"line":20,"column":50},"end":{"line":20,"column":65}},"2":{"start":{"line":22,"column":21},"end":{"line":22,"column":36}},"3":{"start":{"line":23,"column":17},"end":{"line":23,"column":28}},"4":{"start":{"line":25,"column":2},"end":{"line":40,"column":19}},"5":{"start":{"line":26,"column":36},"end":{"line":37,"column":5}},"6":{"start":{"line":29,"column":30},"end":{"line":31,"column":9}},"7":{"start":{"line":33,"column":8},"end":{"line":35,"column":9}},"8":{"start":{"line":34,"column":10},"end":{"line":34,"column":36}},"9":{"start":{"line":39,"column":4},"end":{"line":39,"column":35}},"10":{"start":{"line":42,"column":2},"end":{"line":48,"column":5}},"11":{"start":{"line":43,"column":37},"end":{"line":47,"column":5}},"12":{"start":{"line":50,"column":40},"end":{"line":57,"column":3}},"13":{"start":{"line":51,"column":4},"end":{"line":51,"column":65}},"14":{"start":{"line":52,"column":4},"end":{"line":52,"column":64}},"15":{"start":{"line":53,"column":4},"end":{"line":53,"column":30}},"16":{"start":{"line":55,"column":4},"end":{"line":55,"column":24}},"17":{"start":{"line":56,"column":4},"end":{"line":56,"column":11}},"18":{"start":{"line":59,"column":44},"end":{"line":69,"column":3}},"19":{"start":{"line":60,"column":4},"end":{"line":68,"column":5}},"20":{"start":{"line":61,"column":6},"end":{"line":61,"column":65}},"21":{"start":{"line":62,"column":6},"end":{"line":62,"column":68}},"22":{"start":{"line":63,"column":6},"end":{"line":63,"column":33}},"23":{"start":{"line":65,"column":6},"end":{"line":65,"column":26}},"24":{"start":{"line":67,"column":6},"end":{"line":67,"column":39}},"25":{"start":{"line":71,"column":2},"end":{"line":95,"column":4}}},"fnMap":{"0":{"name":"(anonymous_0)","decl":{"start":{"line":19,"column":20},"end":{"line":19,"column":21}},"loc":{"start":{"line":19,"column":26},"end":{"line":96,"column":1}},"line":19},"1":{"name":"(anonymous_1)","decl":{"start":{"line":25,"column":12},"end":{"line":25,"column":13}},"loc":{"start":{"line":25,"column":18},"end":{"line":40,"column":3}},"line":25},"2":{"name":"(anonymous_2)","decl":{"start":{"line":28,"column":6},"end":{"line":28,"column":7}},"loc":{"start":{"line":28,"column":18},"end":{"line":36,"column":7}},"line":28},"3":{"name":"(anonymous_3)","decl":{"start":{"line":43,"column":24},"end":{"line":43,"column":25}},"loc":{"start":{"line":43,"column":37},"end":{"line":47,"column":5}},"line":43},"4":{"name":"(anonymous_4)","decl":{"start":{"line":50,"column":40},"end":{"line":50,"column":41}},"loc":{"start":{"line":50,"column":46},"end":{"line":57,"column":3}},"line":50},"5":{"name":"(anonymous_5)","decl":{"start":{"line":59,"column":44},"end":{"line":59,"column":45}},"loc":{"start":{"line":59,"column":56},"end":{"line":69,"column":3}},"line":59}},"branchMap":{"0":{"loc":{"start":{"line":33,"column":8},"end":{"line":35,"column":9}},"type":"if","locations":[{"start":{"line":33,"column":8},"end":{"line":35,"column":9}},{"start":{},"end":{}}],"line":33},"1":{"loc":{"start":{"line":76,"column":11},"end":{"line":78,"column":42}},"type":"cond-expr","locations":[{"start":{"line":77,"column":14},"end":{"line":77,"column":39}},{"start":{"line":78,"column":14},"end":{"line":78,"column":42}}],"line":76},"2":{"loc":{"start":{"line":81,"column":11},"end":{"line":83,"column":52}},"type":"cond-expr","locations":[{"start":{"line":82,"column":14},"end":{"line":82,"column":51}},{"start":{"line":83,"column":14},"end":{"line":83,"column":52}}],"line":81},"3":{"loc":{"start":{"line":86,"column":17},"end":{"line":86,"column":56}},"type":"cond-expr","locations":[{"start":{"line":86,"column":36},"end":{"line":86,"column":46}},{"start":{"line":86,"column":49},"end":{"line":86,"column":56}}],"line":86},"4":{"loc":{"start":{"line":88,"column":12},"end":{"line":90,"column":45}},"type":"cond-expr","locations":[{"start":{"line":89,"column":16},"end":{"line":89,"column":49}},{"start":{"line":90,"column":16},"end":{"line":90,"column":45}}],"line":88}},"s":{"0":0,"1":0,"2":0,"3":0,"4":0,"5":0,"6":0,"7":0,"8":0,"9":0,"10":0,"11":0,"12":0,"13":0,"14":0,"15":0,"16":0,"17":0,"18":0,"19":0,"20":0,"21":0,"22":0,"23":0,"24":0,"25":0},"f":{"0":0,"1":0,"2":0,"3":0,"4":0,"5":0},"b":{"0":[0,0],"1":[0,0],"2":[0,0],"3":[0,0],"4":[0,0]}}
,"/Users/okjisoo/Desktop/didYouDoThat/didYouDoThat-Client/src/components/screens/AlarmScreen/AlarmScreen.style.js": {"path":"/Users/okjisoo/Desktop/didYouDoThat/didYouDoThat-Client/src/components/screens/AlarmScreen/AlarmScreen.style.js","statementMap":{"0":{"start":{"line":3,"column":36},"end":{"line":7,"column":1}},"1":{"start":{"line":9,"column":26},"end":{"line":12,"column":1}},"2":{"start":{"line":10,"column":28},"end":{"line":10,"column":48}},"3":{"start":{"line":14,"column":31},"end":{"line":20,"column":1}},"4":{"start":{"line":17,"column":28},"end":{"line":17,"column":47}},"5":{"start":{"line":22,"column":32},"end":{"line":28,"column":1}},"6":{"start":{"line":24,"column":28},"end":{"line":24,"column":47}},"7":{"start":{"line":25,"column":22},"end":{"line":25,"column":49}}},"fnMap":{"0":{"name":"(anonymous_0)","decl":{"start":{"line":10,"column":17},"end":{"line":10,"column":18}},"loc":{"start":{"line":10,"column":28},"end":{"line":10,"column":48}},"line":10},"1":{"name":"(anonymous_1)","decl":{"start":{"line":17,"column":17},"end":{"line":17,"column":18}},"loc":{"start":{"line":17,"column":28},"end":{"line":17,"column":47}},"line":17},"2":{"name":"(anonymous_2)","decl":{"start":{"line":24,"column":17},"end":{"line":24,"column":18}},"loc":{"start":{"line":24,"column":28},"end":{"line":24,"column":47}},"line":24},"3":{"name":"(anonymous_3)","decl":{"start":{"line":25,"column":11},"end":{"line":25,"column":12}},"loc":{"start":{"line":25,"column":22},"end":{"line":25,"column":49}},"line":25}},"branchMap":{},"s":{"0":0,"1":0,"2":0,"3":0,"4":0,"5":0,"6":0,"7":0},"f":{"0":0,"1":0,"2":0,"3":0},"b":{}}
,"/Users/okjisoo/Desktop/didYouDoThat/didYouDoThat-Client/src/components/screens/DeleteScreen/DeleteScreen.js": {"path":"/Users/okjisoo/Desktop/didYouDoThat/didYouDoThat-Client/src/components/screens/DeleteScreen/DeleteScreen.js","statementMap":{"0":{"start":{"line":19,"column":21},"end":{"line":59,"column":1}},"1":{"start":{"line":20,"column":24},"end":{"line":20,"column":36}},"2":{"start":{"line":21,"column":21},"end":{"line":21,"column":36}},"3":{"start":{"line":22,"column":17},"end":{"line":22,"column":28}},"4":{"start":{"line":24,"column":22},"end":{"line":24,"column":38}},"5":{"start":{"line":25,"column":19},"end":{"line":25,"column":68}},"6":{"start":{"line":27,"column":21},"end":{"line":37,"column":4}},"7":{"start":{"line":29,"column":6},"end":{"line":29,"column":34}},"8":{"start":{"line":32,"column":6},"end":{"line":32,"column":41}},"9":{"start":{"line":35,"column":6},"end":{"line":35,"column":77}},"10":{"start":{"line":39,"column":39},"end":{"line":41,"column":3}},"11":{"start":{"line":40,"column":4},"end":{"line":40,"column":59}},"12":{"start":{"line":43,"column":2},"end":{"line":58,"column":4}},"13":{"start":{"line":61,"column":0},"end":{"line":70,"column":2}}},"fnMap":{"0":{"name":"(anonymous_0)","decl":{"start":{"line":19,"column":21},"end":{"line":19,"column":22}},"loc":{"start":{"line":19,"column":36},"end":{"line":59,"column":1}},"line":19},"1":{"name":"(anonymous_1)","decl":{"start":{"line":28,"column":15},"end":{"line":28,"column":16}},"loc":{"start":{"line":28,"column":21},"end":{"line":30,"column":5}},"line":28},"2":{"name":"(anonymous_2)","decl":{"start":{"line":31,"column":13},"end":{"line":31,"column":14}},"loc":{"start":{"line":31,"column":24},"end":{"line":33,"column":5}},"line":31},"3":{"name":"(anonymous_3)","decl":{"start":{"line":34,"column":15},"end":{"line":34,"column":16}},"loc":{"start":{"line":34,"column":21},"end":{"line":36,"column":5}},"line":34},"4":{"name":"(anonymous_4)","decl":{"start":{"line":39,"column":39},"end":{"line":39,"column":40}},"loc":{"start":{"line":39,"column":45},"end":{"line":41,"column":3}},"line":39}},"branchMap":{},"s":{"0":0,"1":0,"2":0,"3":0,"4":0,"5":0,"6":0,"7":0,"8":0,"9":0,"10":0,"11":0,"12":0,"13":0},"f":{"0":0,"1":0,"2":0,"3":0,"4":0},"b":{}}
,"/Users/okjisoo/Desktop/didYouDoThat/didYouDoThat-Client/src/components/screens/DeleteScreen/DeleteScreen.style.js": {"path":"/Users/okjisoo/Desktop/didYouDoThat/didYouDoThat-Client/src/components/screens/DeleteScreen/DeleteScreen.style.js","statementMap":{"0":{"start":{"line":3,"column":41},"end":{"line":8,"column":1}},"1":{"start":{"line":5,"column":28},"end":{"line":5,"column":48}},"2":{"start":{"line":10,"column":32},"end":{"line":12,"column":1}},"3":{"start":{"line":11,"column":22},"end":{"line":11,"column":49}},"4":{"start":{"line":14,"column":31},"end":{"line":19,"column":1}},"5":{"start":{"line":16,"column":28},"end":{"line":16,"column":47}}},"fnMap":{"0":{"name":"(anonymous_0)","decl":{"start":{"line":5,"column":17},"end":{"line":5,"column":18}},"loc":{"start":{"line":5,"column":28},"end":{"line":5,"column":48}},"line":5},"1":{"name":"(anonymous_1)","decl":{"start":{"line":11,"column":11},"end":{"line":11,"column":12}},"loc":{"start":{"line":11,"column":22},"end":{"line":11,"column":49}},"line":11},"2":{"name":"(anonymous_2)","decl":{"start":{"line":16,"column":17},"end":{"line":16,"column":18}},"loc":{"start":{"line":16,"column":28},"end":{"line":16,"column":47}},"line":16}},"branchMap":{},"s":{"0":0,"1":0,"2":0,"3":0,"4":0,"5":0},"f":{"0":0,"1":0,"2":0},"b":{}}
,"/Users/okjisoo/Desktop/didYouDoThat/didYouDoThat-Client/src/components/screens/EndHabitScreen/EndHabitScreen.js": {"path":"/Users/okjisoo/Desktop/didYouDoThat/didYouDoThat-Client/src/components/screens/EndHabitScreen/EndHabitScreen.js","statementMap":{"0":{"start":{"line":25,"column":23},"end":{"line":144,"column":1}},"1":{"start":{"line":26,"column":29},"end":{"line":26,"column":50}},"2":{"start":{"line":27,"column":24},"end":{"line":27,"column":36}},"3":{"start":{"line":29,"column":22},"end":{"line":29,"column":69}},"4":{"start":{"line":30,"column":17},"end":{"line":30,"column":28}},"5":{"start":{"line":31,"column":22},"end":{"line":31,"column":30}},"6":{"start":{"line":33,"column":36},"end":{"line":40,"column":3}},"7":{"start":{"line":34,"column":4},"end":{"line":39,"column":5}},"8":{"start":{"line":35,"column":23},"end":{"line":35,"column":58}},"9":{"start":{"line":36,"column":6},"end":{"line":36,"column":35}},"10":{"start":{"line":38,"column":6},"end":{"line":38,"column":39}},"11":{"start":{"line":42,"column":2},"end":{"line":55,"column":12}},"12":{"start":{"line":57,"column":29},"end":{"line":62,"column":4}},"13":{"start":{"line":64,"column":2},"end":{"line":143,"column":4}},"14":{"start":{"line":129,"column":12},"end":{"line":131,"column":76}},"15":{"start":{"line":138,"column":12},"end":{"line":138,"column":32}},"16":{"start":{"line":146,"column":0},"end":{"line":160,"column":2}}},"fnMap":{"0":{"name":"(anonymous_0)","decl":{"start":{"line":25,"column":23},"end":{"line":25,"column":24}},"loc":{"start":{"line":25,"column":50},"end":{"line":144,"column":1}},"line":25},"1":{"name":"(anonymous_1)","decl":{"start":{"line":33,"column":36},"end":{"line":33,"column":37}},"loc":{"start":{"line":33,"column":48},"end":{"line":40,"column":3}},"line":33},"2":{"name":"(anonymous_2)","decl":{"start":{"line":128,"column":19},"end":{"line":128,"column":20}},"loc":{"start":{"line":128,"column":25},"end":{"line":132,"column":11}},"line":128},"3":{"name":"(anonymous_3)","decl":{"start":{"line":137,"column":19},"end":{"line":137,"column":20}},"loc":{"start":{"line":137,"column":25},"end":{"line":139,"column":11}},"line":137}},"branchMap":{"0":{"loc":{"start":{"line":59,"column":17},"end":{"line":61,"column":41}},"type":"cond-expr","locations":[{"start":{"line":60,"column":8},"end":{"line":60,"column":53}},{"start":{"line":61,"column":8},"end":{"line":61,"column":41}}],"line":59},"1":{"loc":{"start":{"line":82,"column":15},"end":{"line":82,"column":53}},"type":"cond-expr","locations":[{"start":{"line":82,"column":29},"end":{"line":82,"column":40}},{"start":{"line":82,"column":43},"end":{"line":82,"column":53}}],"line":82},"2":{"loc":{"start":{"line":85,"column":15},"end":{"line":91,"column":47}},"type":"cond-expr","locations":[{"start":{"line":86,"column":18},"end":{"line":88,"column":50}},{"start":{"line":89,"column":18},"end":{"line":91,"column":47}}],"line":85},"3":{"loc":{"start":{"line":94,"column":15},"end":{"line":102,"column":15}},"type":"cond-expr","locations":[{"start":{"line":95,"column":16},"end":{"line":97,"column":18}},{"start":{"line":99,"column":16},"end":{"line":101,"column":18}}],"line":94},"4":{"loc":{"start":{"line":104,"column":15},"end":{"line":108,"column":15}},"type":"binary-expr","locations":[{"start":{"line":104,"column":15},"end":{"line":104,"column":26}},{"start":{"line":105,"column":16},"end":{"line":107,"column":18}}],"line":104},"5":{"loc":{"start":{"line":111,"column":11},"end":{"line":121,"column":11}},"type":"cond-expr","locations":[{"start":{"line":112,"column":12},"end":{"line":115,"column":14}},{"start":{"line":117,"column":12},"end":{"line":120,"column":14}}],"line":111},"6":{"loc":{"start":{"line":126,"column":17},"end":{"line":126,"column":69}},"type":"cond-expr","locations":[{"start":{"line":126,"column":31},"end":{"line":126,"column":51}},{"start":{"line":126,"column":54},"end":{"line":126,"column":69}}],"line":126},"7":{"loc":{"start":{"line":127,"column":17},"end":{"line":127,"column":48}},"type":"cond-expr","locations":[{"start":{"line":127,"column":31},"end":{"line":127,"column":37}},{"start":{"line":127,"column":40},"end":{"line":127,"column":48}}],"line":127},"8":{"loc":{"start":{"line":129,"column":12},"end":{"line":131,"column":75}},"type":"cond-expr","locations":[{"start":{"line":130,"column":16},"end":{"line":130,"column":43}},{"start":{"line":131,"column":16},"end":{"line":131,"column":75}}],"line":129},"9":{"loc":{"start":{"line":135,"column":17},"end":{"line":135,"column":69}},"type":"cond-expr","locations":[{"start":{"line":135,"column":31},"end":{"line":135,"column":51}},{"start":{"line":135,"column":54},"end":{"line":135,"column":69}}],"line":135}},"s":{"0":0,"1":0,"2":0,"3":0,"4":0,"5":0,"6":0,"7":0,"8":0,"9":0,"10":0,"11":0,"12":0,"13":0,"14":0,"15":0,"16":0},"f":{"0":0,"1":0,"2":0,"3":0},"b":{"0":[0,0],"1":[0,0],"2":[0,0],"3":[0,0],"4":[0,0],"5":[0,0],"6":[0,0],"7":[0,0],"8":[0,0],"9":[0,0]}}
,"/Users/okjisoo/Desktop/didYouDoThat/didYouDoThat-Client/src/components/screens/EndHabitScreen/EndHabitScreen.style.js": {"path":"/Users/okjisoo/Desktop/didYouDoThat/didYouDoThat-Client/src/components/screens/EndHabitScreen/EndHabitScreen.style.js","statementMap":{"0":{"start":{"line":3,"column":39},"end":{"line":5,"column":1}},"1":{"start":{"line":7,"column":31},"end":{"line":16,"column":1}},"2":{"start":{"line":15,"column":33},"end":{"line":15,"column":50}},"3":{"start":{"line":18,"column":29},"end":{"line":22,"column":1}},"4":{"start":{"line":20,"column":28},"end":{"line":20,"column":48}},"5":{"start":{"line":24,"column":28},"end":{"line":30,"column":1}},"6":{"start":{"line":27,"column":28},"end":{"line":27,"column":47}},"7":{"start":{"line":32,"column":38},"end":{"line":39,"column":1}},"8":{"start":{"line":41,"column":32},"end":{"line":44,"column":1}},"9":{"start":{"line":46,"column":39},"end":{"line":50,"column":1}},"10":{"start":{"line":52,"column":34},"end":{"line":58,"column":1}},"11":{"start":{"line":60,"column":34},"end":{"line":65,"column":1}},"12":{"start":{"line":67,"column":39},"end":{"line":74,"column":1}},"13":{"start":{"line":73,"column":4},"end":{"line":73,"column":75}}},"fnMap":{"0":{"name":"(anonymous_0)","decl":{"start":{"line":15,"column":22},"end":{"line":15,"column":23}},"loc":{"start":{"line":15,"column":33},"end":{"line":15,"column":50}},"line":15},"1":{"name":"(anonymous_1)","decl":{"start":{"line":20,"column":17},"end":{"line":20,"column":18}},"loc":{"start":{"line":20,"column":28},"end":{"line":20,"column":48}},"line":20},"2":{"name":"(anonymous_2)","decl":{"start":{"line":27,"column":17},"end":{"line":27,"column":18}},"loc":{"start":{"line":27,"column":28},"end":{"line":27,"column":47}},"line":27},"3":{"name":"(anonymous_3)","decl":{"start":{"line":72,"column":22},"end":{"line":72,"column":23}},"loc":{"start":{"line":73,"column":4},"end":{"line":73,"column":75}},"line":73}},"branchMap":{"0":{"loc":{"start":{"line":73,"column":4},"end":{"line":73,"column":75}},"type":"cond-expr","locations":[{"start":{"line":73,"column":24},"end":{"line":73,"column":51}},{"start":{"line":73,"column":54},"end":{"line":73,"column":75}}],"line":73}},"s":{"0":0,"1":0,"2":0,"3":0,"4":0,"5":0,"6":0,"7":0,"8":0,"9":0,"10":0,"11":0,"12":0,"13":0},"f":{"0":0,"1":0,"2":0,"3":0},"b":{"0":[0,0]}}
,"/Users/okjisoo/Desktop/didYouDoThat/didYouDoThat-Client/src/components/screens/HomeScreen/HomeScreen.js": {"path":"/Users/okjisoo/Desktop/didYouDoThat/didYouDoThat-Client/src/components/screens/HomeScreen/HomeScreen.js","statementMap":{"0":{"start":{"line":28,"column":19},"end":{"line":133,"column":1}},"1":{"start":{"line":29,"column":28},"end":{"line":29,"column":51}},"2":{"start":{"line":30,"column":22},"end":{"line":30,"column":38}},"3":{"start":{"line":31,"column":26},"end":{"line":31,"column":36}},"4":{"start":{"line":33,"column":48},"end":{"line":33,"column":73}},"5":{"start":{"line":34,"column":50},"end":{"line":34,"column":64}},"6":{"start":{"line":35,"column":42},"end":{"line":35,"column":73}},"7":{"start":{"line":37,"column":17},"end":{"line":37,"column":28}},"8":{"start":{"line":39,"column":27},"end":{"line":43,"column":3}},"9":{"start":{"line":40,"column":4},"end":{"line":42,"column":7}},"10":{"start":{"line":45,"column":2},"end":{"line":53,"column":19}},"11":{"start":{"line":46,"column":30},"end":{"line":50,"column":6}},"12":{"start":{"line":47,"column":30},"end":{"line":47,"column":40}},"13":{"start":{"line":48,"column":6},"end":{"line":48,"column":42}},"14":{"start":{"line":49,"column":6},"end":{"line":49,"column":25}},"15":{"start":{"line":52,"column":4},"end":{"line":52,"column":29}},"16":{"start":{"line":55,"column":2},"end":{"line":70,"column":9}},"17":{"start":{"line":56,"column":4},"end":{"line":69,"column":5}},"18":{"start":{"line":57,"column":29},"end":{"line":59,"column":7}},"19":{"start":{"line":61,"column":6},"end":{"line":66,"column":7}},"20":{"start":{"line":65,"column":8},"end":{"line":65,"column":35}},"21":{"start":{"line":68,"column":6},"end":{"line":68,"column":39}},"22":{"start":{"line":72,"column":30},"end":{"line":85,"column":3}},"23":{"start":{"line":77,"column":32},"end":{"line":77,"column":63}},"24":{"start":{"line":78,"column":8},"end":{"line":78,"column":31}},"25":{"start":{"line":81,"column":8},"end":{"line":81,"column":43}},"26":{"start":{"line":87,"column":2},"end":{"line":89,"column":3}},"27":{"start":{"line":88,"column":4},"end":{"line":88,"column":27}},"28":{"start":{"line":91,"column":36},"end":{"line":102,"column":4}},"29":{"start":{"line":92,"column":23},"end":{"line":99,"column":6}},"30":{"start":{"line":93,"column":24},"end":{"line":93,"column":62}},"31":{"start":{"line":94,"column":31},"end":{"line":94,"column":56}},"32":{"start":{"line":96,"column":6},"end":{"line":98,"column":7}},"33":{"start":{"line":97,"column":8},"end":{"line":97,"column":20}},"34":{"start":{"line":101,"column":4},"end":{"line":101,"column":37}},"35":{"start":{"line":104,"column":2},"end":{"line":132,"column":4}},"36":{"start":{"line":123,"column":12},"end":{"line":127,"column":14}},"37":{"start":{"line":135,"column":0},"end":{"line":140,"column":2}}},"fnMap":{"0":{"name":"(anonymous_0)","decl":{"start":{"line":28,"column":19},"end":{"line":28,"column":20}},"loc":{"start":{"line":28,"column":39},"end":{"line":133,"column":1}},"line":28},"1":{"name":"(anonymous_1)","decl":{"start":{"line":39,"column":27},"end":{"line":39,"column":28}},"loc":{"start":{"line":39,"column":39},"end":{"line":43,"column":3}},"line":39},"2":{"name":"(anonymous_2)","decl":{"start":{"line":45,"column":12},"end":{"line":45,"column":13}},"loc":{"start":{"line":45,"column":18},"end":{"line":53,"column":3}},"line":45},"3":{"name":"(anonymous_3)","decl":{"start":{"line":46,"column":62},"end":{"line":46,"column":63}},"loc":{"start":{"line":46,"column":68},"end":{"line":50,"column":5}},"line":46},"4":{"name":"(anonymous_4)","decl":{"start":{"line":55,"column":12},"end":{"line":55,"column":13}},"loc":{"start":{"line":55,"column":24},"end":{"line":70,"column":3}},"line":55},"5":{"name":"(anonymous_5)","decl":{"start":{"line":76,"column":14},"end":{"line":76,"column":15}},"loc":{"start":{"line":76,"column":24},"end":{"line":79,"column":7}},"line":76},"6":{"name":"(anonymous_6)","decl":{"start":{"line":80,"column":15},"end":{"line":80,"column":16}},"loc":{"start":{"line":80,"column":26},"end":{"line":82,"column":7}},"line":80},"7":{"name":"(anonymous_7)","decl":{"start":{"line":91,"column":49},"end":{"line":91,"column":50}},"loc":{"start":{"line":91,"column":67},"end":{"line":102,"column":3}},"line":91},"8":{"name":"(anonymous_8)","decl":{"start":{"line":92,"column":37},"end":{"line":92,"column":38}},"loc":{"start":{"line":92,"column":62},"end":{"line":99,"column":5}},"line":92},"9":{"name":"(anonymous_9)","decl":{"start":{"line":122,"column":20},"end":{"line":122,"column":21}},"loc":{"start":{"line":123,"column":12},"end":{"line":127,"column":14}},"line":123}},"branchMap":{"0":{"loc":{"start":{"line":61,"column":6},"end":{"line":66,"column":7}},"type":"if","locations":[{"start":{"line":61,"column":6},"end":{"line":66,"column":7}},{"start":{},"end":{}}],"line":61},"1":{"loc":{"start":{"line":62,"column":8},"end":{"line":63,"column":75}},"type":"binary-expr","locations":[{"start":{"line":62,"column":8},"end":{"line":62,"column":22}},{"start":{"line":63,"column":8},"end":{"line":63,"column":75}}],"line":62},"2":{"loc":{"start":{"line":87,"column":2},"end":{"line":89,"column":3}},"type":"if","locations":[{"start":{"line":87,"column":2},"end":{"line":89,"column":3}},{"start":{},"end":{}}],"line":87},"3":{"loc":{"start":{"line":96,"column":6},"end":{"line":98,"column":7}},"type":"if","locations":[{"start":{"line":96,"column":6},"end":{"line":98,"column":7}},{"start":{},"end":{}}],"line":96},"4":{"loc":{"start":{"line":96,"column":10},"end":{"line":96,"column":74}},"type":"binary-expr","locations":[{"start":{"line":96,"column":10},"end":{"line":96,"column":60}},{"start":{"line":96,"column":64},"end":{"line":96,"column":74}}],"line":96},"5":{"loc":{"start":{"line":101,"column":11},"end":{"line":101,"column":36}},"type":"cond-expr","locations":[{"start":{"line":101,"column":24},"end":{"line":101,"column":28}},{"start":{"line":101,"column":31},"end":{"line":101,"column":36}}],"line":101},"6":{"loc":{"start":{"line":106,"column":7},"end":{"line":112,"column":14}},"type":"cond-expr","locations":[{"start":{"line":107,"column":8},"end":{"line":111,"column":10}},{"start":{"line":112,"column":10},"end":{"line":112,"column":14}}],"line":106},"7":{"loc":{"start":{"line":119,"column":9},"end":{"line":129,"column":9}},"type":"cond-expr","locations":[{"start":{"line":120,"column":10},"end":{"line":120,"column":24}},{"start":{"line":122,"column":10},"end":{"line":128,"column":12}}],"line":119}},"s":{"0":0,"1":0,"2":0,"3":0,"4":0,"5":0,"6":0,"7":0,"8":0,"9":0,"10":0,"11":0,"12":0,"13":0,"14":0,"15":0,"16":0,"17":0,"18":0,"19":0,"20":0,"21":0,"22":0,"23":0,"24":0,"25":0,"26":0,"27":0,"28":0,"29":0,"30":0,"31":0,"32":0,"33":0,"34":0,"35":0,"36":0,"37":0},"f":{"0":0,"1":0,"2":0,"3":0,"4":0,"5":0,"6":0,"7":0,"8":0,"9":0},"b":{"0":[0,0],"1":[0,0],"2":[0,0],"3":[0,0],"4":[0,0],"5":[0,0],"6":[0,0],"7":[0,0]}}
,"/Users/okjisoo/Desktop/didYouDoThat/didYouDoThat-Client/src/components/screens/HomeScreen/HomeScreen.style.js": {"path":"/Users/okjisoo/Desktop/didYouDoThat/didYouDoThat-Client/src/components/screens/HomeScreen/HomeScreen.style.js","statementMap":{"0":{"start":{"line":3,"column":35},"end":{"line":5,"column":1}},"1":{"start":{"line":7,"column":29},"end":{"line":12,"column":1}},"2":{"start":{"line":11,"column":33},"end":{"line":11,"column":59}},"3":{"start":{"line":14,"column":24},"end":{"line":18,"column":1}},"4":{"start":{"line":15,"column":28},"end":{"line":15,"column":48}},"5":{"start":{"line":16,"column":22},"end":{"line":16,"column":39}},"6":{"start":{"line":20,"column":31},"end":{"line":22,"column":1}}},"fnMap":{"0":{"name":"(anonymous_0)","decl":{"start":{"line":11,"column":22},"end":{"line":11,"column":23}},"loc":{"start":{"line":11,"column":33},"end":{"line":11,"column":59}},"line":11},"1":{"name":"(anonymous_1)","decl":{"start":{"line":15,"column":17},"end":{"line":15,"column":18}},"loc":{"start":{"line":15,"column":28},"end":{"line":15,"column":48}},"line":15},"2":{"name":"(anonymous_2)","decl":{"start":{"line":16,"column":11},"end":{"line":16,"column":12}},"loc":{"start":{"line":16,"column":22},"end":{"line":16,"column":39}},"line":16}},"branchMap":{},"s":{"0":0,"1":0,"2":0,"3":0,"4":0,"5":0,"6":0},"f":{"0":0,"1":0,"2":0},"b":{}}
,"/Users/okjisoo/Desktop/didYouDoThat/didYouDoThat-Client/src/components/screens/LoginScreen/LoginScreen.js": {"path":"/Users/okjisoo/Desktop/didYouDoThat/didYouDoThat-Client/src/components/screens/LoginScreen/LoginScreen.js","statementMap":{"0":{"start":{"line":29,"column":20},"end":{"line":94,"column":1}},"1":{"start":{"line":30,"column":28},"end":{"line":30,"column":51}},"2":{"start":{"line":31,"column":22},"end":{"line":31,"column":38}},"3":{"start":{"line":32,"column":43},"end":{"line":37,"column":4}},"4":{"start":{"line":39,"column":32},"end":{"line":60,"column":3}},"5":{"start":{"line":40,"column":17},"end":{"line":40,"column":47}},"6":{"start":{"line":43,"column":8},"end":{"line":43,"column":69}},"7":{"start":{"line":44,"column":8},"end":{"line":47,"column":11}},"8":{"start":{"line":48,"column":8},"end":{"line":48,"column":27}},"9":{"start":{"line":49,"column":8},"end":{"line":52,"column":11}},"10":{"start":{"line":53,"column":8},"end":{"line":53,"column":70}},"11":{"start":{"line":54,"column":8},"end":{"line":54,"column":15}},"12":{"start":{"line":57,"column":8},"end":{"line":57,"column":43}},"13":{"start":{"line":61,"column":17},"end":{"line":61,"column":28}},"14":{"start":{"line":63,"column":2},"end":{"line":68,"column":17}},"15":{"start":{"line":64,"column":4},"end":{"line":67,"column":5}},"16":{"start":{"line":65,"column":25},"end":{"line":65,"column":33}},"17":{"start":{"line":66,"column":6},"end":{"line":66,"column":30}},"18":{"start":{"line":70,"column":2},"end":{"line":72,"column":3}},"19":{"start":{"line":71,"column":4},"end":{"line":71,"column":27}},"20":{"start":{"line":74,"column":2},"end":{"line":93,"column":4}},"21":{"start":{"line":88,"column":12},"end":{"line":88,"column":26}}},"fnMap":{"0":{"name":"(anonymous_0)","decl":{"start":{"line":29,"column":20},"end":{"line":29,"column":21}},"loc":{"start":{"line":29,"column":26},"end":{"line":94,"column":1}},"line":29},"1":{"name":"(anonymous_1)","decl":{"start":{"line":40,"column":4},"end":{"line":40,"column":5}},"loc":{"start":{"line":40,"column":17},"end":{"line":40,"column":47}},"line":40},"2":{"name":"(anonymous_2)","decl":{"start":{"line":42,"column":17},"end":{"line":42,"column":18}},"loc":{"start":{"line":42,"column":27},"end":{"line":55,"column":7}},"line":42},"3":{"name":"(anonymous_3)","decl":{"start":{"line":56,"column":15},"end":{"line":56,"column":16}},"loc":{"start":{"line":56,"column":26},"end":{"line":58,"column":7}},"line":56},"4":{"name":"(anonymous_4)","decl":{"start":{"line":63,"column":12},"end":{"line":63,"column":13}},"loc":{"start":{"line":63,"column":18},"end":{"line":68,"column":3}},"line":63},"5":{"name":"(anonymous_5)","decl":{"start":{"line":87,"column":19},"end":{"line":87,"column":20}},"loc":{"start":{"line":87,"column":25},"end":{"line":89,"column":11}},"line":87}},"branchMap":{"0":{"loc":{"start":{"line":64,"column":4},"end":{"line":67,"column":5}},"type":"if","locations":[{"start":{"line":64,"column":4},"end":{"line":67,"column":5}},{"start":{},"end":{}}],"line":64},"1":{"loc":{"start":{"line":70,"column":2},"end":{"line":72,"column":3}},"type":"if","locations":[{"start":{"line":70,"column":2},"end":{"line":72,"column":3}},{"start":{},"end":{}}],"line":70}},"s":{"0":0,"1":0,"2":0,"3":0,"4":0,"5":0,"6":0,"7":0,"8":0,"9":0,"10":0,"11":0,"12":0,"13":0,"14":0,"15":0,"16":0,"17":0,"18":0,"19":0,"20":0,"21":0},"f":{"0":0,"1":0,"2":0,"3":0,"4":0,"5":0},"b":{"0":[0,0],"1":[0,0]}}
,"/Users/okjisoo/Desktop/didYouDoThat/didYouDoThat-Client/src/components/screens/LoginScreen/LoginScreen.style.js": {"path":"/Users/okjisoo/Desktop/didYouDoThat/didYouDoThat-Client/src/components/screens/LoginScreen/LoginScreen.style.js","statementMap":{"0":{"start":{"line":3,"column":30},"end":{"line":7,"column":1}},"1":{"start":{"line":9,"column":34},"end":{"line":18,"column":1}},"2":{"start":{"line":16,"column":29},"end":{"line":16,"column":57}},"3":{"start":{"line":17,"column":33},"end":{"line":17,"column":59}},"4":{"start":{"line":20,"column":26},"end":{"line":25,"column":1}},"5":{"start":{"line":22,"column":28},"end":{"line":22,"column":48}},"6":{"start":{"line":23,"column":22},"end":{"line":23,"column":39}},"7":{"start":{"line":27,"column":29},"end":{"line":31,"column":1}},"8":{"start":{"line":28,"column":28},"end":{"line":28,"column":47}},"9":{"start":{"line":29,"column":22},"end":{"line":29,"column":39}}},"fnMap":{"0":{"name":"(anonymous_0)","decl":{"start":{"line":16,"column":18},"end":{"line":16,"column":19}},"loc":{"start":{"line":16,"column":29},"end":{"line":16,"column":57}},"line":16},"1":{"name":"(anonymous_1)","decl":{"start":{"line":17,"column":22},"end":{"line":17,"column":23}},"loc":{"start":{"line":17,"column":33},"end":{"line":17,"column":59}},"line":17},"2":{"name":"(anonymous_2)","decl":{"start":{"line":22,"column":17},"end":{"line":22,"column":18}},"loc":{"start":{"line":22,"column":28},"end":{"line":22,"column":48}},"line":22},"3":{"name":"(anonymous_3)","decl":{"start":{"line":23,"column":11},"end":{"line":23,"column":12}},"loc":{"start":{"line":23,"column":22},"end":{"line":23,"column":39}},"line":23},"4":{"name":"(anonymous_4)","decl":{"start":{"line":28,"column":17},"end":{"line":28,"column":18}},"loc":{"start":{"line":28,"column":28},"end":{"line":28,"column":47}},"line":28},"5":{"name":"(anonymous_5)","decl":{"start":{"line":29,"column":11},"end":{"line":29,"column":12}},"loc":{"start":{"line":29,"column":22},"end":{"line":29,"column":39}},"line":29}},"branchMap":{},"s":{"0":0,"1":0,"2":0,"3":0,"4":0,"5":0,"6":0,"7":0,"8":0,"9":0},"f":{"0":0,"1":0,"2":0,"3":0,"4":0,"5":0},"b":{}}
,"/Users/okjisoo/Desktop/didYouDoThat/didYouDoThat-Client/src/components/screens/MyPageScreen/MyPageScreen.js": {"path":"/Users/okjisoo/Desktop/didYouDoThat/didYouDoThat-Client/src/components/screens/MyPageScreen/MyPageScreen.js","statementMap":{"0":{"start":{"line":36,"column":19},"end":{"line":36,"column":35}},"1":{"start":{"line":38,"column":21},"end":{"line":188,"column":1}},"2":{"start":{"line":39,"column":38},"end":{"line":39,"column":50}},"3":{"start":{"line":40,"column":36},"end":{"line":40,"column":48}},"4":{"start":{"line":41,"column":50},"end":{"line":41,"column":64}},"5":{"start":{"line":43,"column":22},"end":{"line":43,"column":38}},"6":{"start":{"line":44,"column":28},"end":{"line":44,"column":51}},"7":{"start":{"line":45,"column":23},"end":{"line":45,"column":35}},"8":{"start":{"line":46,"column":17},"end":{"line":46,"column":28}},"9":{"start":{"line":48,"column":34},"end":{"line":58,"column":3}},"10":{"start":{"line":53,"column":8},"end":{"line":55,"column":22}},"11":{"start":{"line":60,"column":27},"end":{"line":65,"column":12}},"12":{"start":{"line":61,"column":29},"end":{"line":61,"column":31}},"13":{"start":{"line":62,"column":4},"end":{"line":62,"column":80}},"14":{"start":{"line":62,"column":43},"end":{"line":62,"column":78}},"15":{"start":{"line":64,"column":4},"end":{"line":64,"column":28}},"16":{"start":{"line":67,"column":2},"end":{"line":88,"column":19}},"17":{"start":{"line":68,"column":36},"end":{"line":85,"column":5}},"18":{"start":{"line":71,"column":8},"end":{"line":83,"column":9}},"19":{"start":{"line":72,"column":32},"end":{"line":74,"column":11}},"20":{"start":{"line":76,"column":10},"end":{"line":80,"column":11}},"21":{"start":{"line":77,"column":12},"end":{"line":77,"column":40}},"22":{"start":{"line":79,"column":12},"end":{"line":79,"column":29}},"23":{"start":{"line":82,"column":10},"end":{"line":82,"column":43}},"24":{"start":{"line":87,"column":4},"end":{"line":87,"column":35}},"25":{"start":{"line":90,"column":34},"end":{"line":99,"column":3}},"26":{"start":{"line":91,"column":4},"end":{"line":91,"column":53}},"27":{"start":{"line":92,"column":4},"end":{"line":92,"column":64}},"28":{"start":{"line":93,"column":4},"end":{"line":96,"column":7}},"29":{"start":{"line":97,"column":4},"end":{"line":97,"column":23}},"30":{"start":{"line":98,"column":4},"end":{"line":98,"column":24}},"31":{"start":{"line":101,"column":2},"end":{"line":187,"column":4}},"32":{"start":{"line":118,"column":27},"end":{"line":118,"column":55}},"33":{"start":{"line":126,"column":27},"end":{"line":126,"column":52}},"34":{"start":{"line":135,"column":27},"end":{"line":135,"column":53}},"35":{"start":{"line":149,"column":37},"end":{"line":149,"column":57}},"36":{"start":{"line":157,"column":20},"end":{"line":157,"column":46}},"37":{"start":{"line":162,"column":14},"end":{"line":169,"column":16}},"38":{"start":{"line":171,"column":43},"end":{"line":171,"column":50}},"39":{"start":{"line":178,"column":16},"end":{"line":178,"column":67}},"40":{"start":{"line":190,"column":0},"end":{"line":195,"column":2}}},"fnMap":{"0":{"name":"(anonymous_0)","decl":{"start":{"line":38,"column":21},"end":{"line":38,"column":22}},"loc":{"start":{"line":38,"column":41},"end":{"line":188,"column":1}},"line":38},"1":{"name":"(anonymous_1)","decl":{"start":{"line":52,"column":24},"end":{"line":52,"column":25}},"loc":{"start":{"line":52,"column":38},"end":{"line":56,"column":7}},"line":52},"2":{"name":"(anonymous_2)","decl":{"start":{"line":60,"column":35},"end":{"line":60,"column":36}},"loc":{"start":{"line":60,"column":41},"end":{"line":65,"column":3}},"line":60},"3":{"name":"(anonymous_3)","decl":{"start":{"line":62,"column":24},"end":{"line":62,"column":25}},"loc":{"start":{"line":62,"column":43},"end":{"line":62,"column":78}},"line":62},"4":{"name":"(anonymous_4)","decl":{"start":{"line":67,"column":12},"end":{"line":67,"column":13}},"loc":{"start":{"line":67,"column":18},"end":{"line":88,"column":3}},"line":67},"5":{"name":"(anonymous_5)","decl":{"start":{"line":70,"column":6},"end":{"line":70,"column":7}},"loc":{"start":{"line":70,"column":18},"end":{"line":84,"column":7}},"line":70},"6":{"name":"(anonymous_6)","decl":{"start":{"line":90,"column":34},"end":{"line":90,"column":35}},"loc":{"start":{"line":90,"column":40},"end":{"line":99,"column":3}},"line":90},"7":{"name":"(anonymous_7)","decl":{"start":{"line":118,"column":21},"end":{"line":118,"column":22}},"loc":{"start":{"line":118,"column":27},"end":{"line":118,"column":55}},"line":118},"8":{"name":"(anonymous_8)","decl":{"start":{"line":126,"column":21},"end":{"line":126,"column":22}},"loc":{"start":{"line":126,"column":27},"end":{"line":126,"column":52}},"line":126},"9":{"name":"(anonymous_9)","decl":{"start":{"line":135,"column":21},"end":{"line":135,"column":22}},"loc":{"start":{"line":135,"column":27},"end":{"line":135,"column":53}},"line":135},"10":{"name":"(anonymous_10)","decl":{"start":{"line":149,"column":26},"end":{"line":149,"column":27}},"loc":{"start":{"line":149,"column":37},"end":{"line":149,"column":57}},"line":149},"11":{"name":"(anonymous_11)","decl":{"start":{"line":156,"column":42},"end":{"line":156,"column":43}},"loc":{"start":{"line":157,"column":20},"end":{"line":157,"column":46}},"line":157},"12":{"name":"(anonymous_12)","decl":{"start":{"line":161,"column":24},"end":{"line":161,"column":25}},"loc":{"start":{"line":161,"column":38},"end":{"line":170,"column":13}},"line":161},"13":{"name":"(anonymous_13)","decl":{"start":{"line":171,"column":26},"end":{"line":171,"column":27}},"loc":{"start":{"line":171,"column":43},"end":{"line":171,"column":50}},"line":171},"14":{"name":"(anonymous_14)","decl":{"start":{"line":177,"column":23},"end":{"line":177,"column":24}},"loc":{"start":{"line":177,"column":29},"end":{"line":179,"column":15}},"line":177}},"branchMap":{"0":{"loc":{"start":{"line":53,"column":15},"end":{"line":55,"column":21}},"type":"cond-expr","locations":[{"start":{"line":54,"column":12},"end":{"line":54,"column":29}},{"start":{"line":55,"column":12},"end":{"line":55,"column":21}}],"line":53},"1":{"loc":{"start":{"line":76,"column":10},"end":{"line":80,"column":11}},"type":"if","locations":[{"start":{"line":76,"column":10},"end":{"line":80,"column":11}},{"start":{"line":78,"column":17},"end":{"line":80,"column":11}}],"line":76},"2":{"loc":{"start":{"line":116,"column":19},"end":{"line":116,"column":51}},"type":"cond-expr","locations":[{"start":{"line":116,"column":31},"end":{"line":116,"column":41}},{"start":{"line":116,"column":44},"end":{"line":116,"column":51}}],"line":116},"3":{"loc":{"start":{"line":117,"column":19},"end":{"line":117,"column":48}},"type":"cond-expr","locations":[{"start":{"line":117,"column":31},"end":{"line":117,"column":38}},{"start":{"line":117,"column":41},"end":{"line":117,"column":48}}],"line":117},"4":{"loc":{"start":{"line":151,"column":11},"end":{"line":151,"column":53}},"type":"binary-expr","locations":[{"start":{"line":151,"column":11},"end":{"line":151,"column":35}},{"start":{"line":151,"column":39},"end":{"line":151,"column":53}}],"line":151},"5":{"loc":{"start":{"line":155,"column":14},"end":{"line":159,"column":34}},"type":"cond-expr","locations":[{"start":{"line":156,"column":18},"end":{"line":158,"column":19}},{"start":{"line":159,"column":18},"end":{"line":159,"column":34}}],"line":155},"6":{"loc":{"start":{"line":175,"column":11},"end":{"line":183,"column":11}},"type":"binary-expr","locations":[{"start":{"line":175,"column":11},"end":{"line":175,"column":63}},{"start":{"line":176,"column":12},"end":{"line":182,"column":45}}],"line":175}},"s":{"0":0,"1":0,"2":0,"3":0,"4":0,"5":0,"6":0,"7":0,"8":0,"9":0,"10":0,"11":0,"12":0,"13":0,"14":0,"15":0,"16":0,"17":0,"18":0,"19":0,"20":0,"21":0,"22":0,"23":0,"24":0,"25":0,"26":0,"27":0,"28":0,"29":0,"30":0,"31":0,"32":0,"33":0,"34":0,"35":0,"36":0,"37":0,"38":0,"39":0,"40":0},"f":{"0":0,"1":0,"2":0,"3":0,"4":0,"5":0,"6":0,"7":0,"8":0,"9":0,"10":0,"11":0,"12":0,"13":0,"14":0},"b":{"0":[0,0],"1":[0,0],"2":[0,0],"3":[0,0],"4":[0,0],"5":[0,0],"6":[0,0]}}
,"/Users/okjisoo/Desktop/didYouDoThat/didYouDoThat-Client/src/components/screens/MyPageScreen/MyPageScreen.style.js": {"path":"/Users/okjisoo/Desktop/didYouDoThat/didYouDoThat-Client/src/components/screens/MyPageScreen/MyPageScreen.style.js","statementMap":{"0":{"start":{"line":3,"column":38},"end":{"line":8,"column":1}},"1":{"start":{"line":10,"column":39},"end":{"line":14,"column":1}},"2":{"start":{"line":16,"column":34},"end":{"line":19,"column":1}},"3":{"start":{"line":17,"column":28},"end":{"line":17,"column":48}},"4":{"start":{"line":21,"column":37},"end":{"line":23,"column":1}},"5":{"start":{"line":25,"column":37},"end":{"line":28,"column":1}},"6":{"start":{"line":30,"column":40},"end":{"line":35,"column":1}},"7":{"start":{"line":37,"column":37},"end":{"line":44,"column":1}},"8":{"start":{"line":43,"column":4},"end":{"line":43,"column":60}},"9":{"start":{"line":46,"column":36},"end":{"line":49,"column":1}},"10":{"start":{"line":51,"column":35},"end":{"line":54,"column":1}},"11":{"start":{"line":52,"column":28},"end":{"line":52,"column":47}},"12":{"start":{"line":56,"column":46},"end":{"line":64,"column":1}},"13":{"start":{"line":66,"column":46},"end":{"line":74,"column":1}},"14":{"start":{"line":72,"column":29},"end":{"line":72,"column":50}},"15":{"start":{"line":73,"column":33},"end":{"line":73,"column":54}}},"fnMap":{"0":{"name":"(anonymous_0)","decl":{"start":{"line":17,"column":17},"end":{"line":17,"column":18}},"loc":{"start":{"line":17,"column":28},"end":{"line":17,"column":48}},"line":17},"1":{"name":"(anonymous_1)","decl":{"start":{"line":42,"column":22},"end":{"line":42,"column":23}},"loc":{"start":{"line":43,"column":4},"end":{"line":43,"column":60}},"line":43},"2":{"name":"(anonymous_2)","decl":{"start":{"line":52,"column":17},"end":{"line":52,"column":18}},"loc":{"start":{"line":52,"column":28},"end":{"line":52,"column":47}},"line":52},"3":{"name":"(anonymous_3)","decl":{"start":{"line":72,"column":18},"end":{"line":72,"column":19}},"loc":{"start":{"line":72,"column":29},"end":{"line":72,"column":50}},"line":72},"4":{"name":"(anonymous_4)","decl":{"start":{"line":73,"column":22},"end":{"line":73,"column":23}},"loc":{"start":{"line":73,"column":33},"end":{"line":73,"column":54}},"line":73}},"branchMap":{"0":{"loc":{"start":{"line":43,"column":4},"end":{"line":43,"column":60}},"type":"cond-expr","locations":[{"start":{"line":43,"column":29},"end":{"line":43,"column":55}},{"start":{"line":43,"column":58},"end":{"line":43,"column":60}}],"line":43}},"s":{"0":0,"1":0,"2":0,"3":0,"4":0,"5":0,"6":0,"7":0,"8":0,"9":0,"10":0,"11":0,"12":0,"13":0,"14":0,"15":0},"f":{"0":0,"1":0,"2":0,"3":0,"4":0},"b":{"0":[0,0]}}
,"/Users/okjisoo/Desktop/didYouDoThat/didYouDoThat-Client/src/components/screens/NewHabitScreen/NewHabitScreen.js": {"path":"/Users/okjisoo/Desktop/didYouDoThat/didYouDoThat-Client/src/components/screens/NewHabitScreen/NewHabitScreen.js","statementMap":{"0":{"start":{"line":23,"column":23},"end":{"line":110,"column":1}},"1":{"start":{"line":24,"column":24},"end":{"line":24,"column":62}},"2":{"start":{"line":26,"column":38},"end":{"line":26,"column":61}},"3":{"start":{"line":27,"column":48},"end":{"line":27,"column":60}},"4":{"start":{"line":29,"column":17},"end":{"line":29,"column":28}},"5":{"start":{"line":30,"column":22},"end":{"line":30,"column":32}},"6":{"start":{"line":32,"column":22},"end":{"line":32,"column":38}},"7":{"start":{"line":33,"column":19},"end":{"line":33,"column":68}},"8":{"start":{"line":34,"column":27},"end":{"line":39,"column":6}},"9":{"start":{"line":37,"column":22},"end":{"line":37,"column":45}},"10":{"start":{"line":38,"column":6},"end":{"line":38,"column":36}},"11":{"start":{"line":41,"column":21},"end":{"line":54,"column":4}},"12":{"start":{"line":43,"column":6},"end":{"line":46,"column":9}},"13":{"start":{"line":49,"column":6},"end":{"line":49,"column":41}},"14":{"start":{"line":52,"column":6},"end":{"line":52,"column":77}},"15":{"start":{"line":56,"column":37},"end":{"line":67,"column":3}},"16":{"start":{"line":57,"column":4},"end":{"line":60,"column":5}},"17":{"start":{"line":58,"column":6},"end":{"line":58,"column":42}},"18":{"start":{"line":59,"column":6},"end":{"line":59,"column":13}},"19":{"start":{"line":62,"column":4},"end":{"line":66,"column":7}},"20":{"start":{"line":69,"column":2},"end":{"line":109,"column":4}},"21":{"start":{"line":78,"column":37},"end":{"line":78,"column":57}},"22":{"start":{"line":112,"column":0},"end":{"line":122,"column":2}}},"fnMap":{"0":{"name":"(anonymous_0)","decl":{"start":{"line":23,"column":23},"end":{"line":23,"column":24}},"loc":{"start":{"line":23,"column":50},"end":{"line":110,"column":1}},"line":23},"1":{"name":"(anonymous_1)","decl":{"start":{"line":36,"column":22},"end":{"line":36,"column":23}},"loc":{"start":{"line":36,"column":33},"end":{"line":39,"column":5}},"line":36},"2":{"name":"(anonymous_2)","decl":{"start":{"line":42,"column":15},"end":{"line":42,"column":16}},"loc":{"start":{"line":42,"column":25},"end":{"line":47,"column":5}},"line":42},"3":{"name":"(anonymous_3)","decl":{"start":{"line":48,"column":13},"end":{"line":48,"column":14}},"loc":{"start":{"line":48,"column":24},"end":{"line":50,"column":5}},"line":48},"4":{"name":"(anonymous_4)","decl":{"start":{"line":51,"column":15},"end":{"line":51,"column":16}},"loc":{"start":{"line":51,"column":21},"end":{"line":53,"column":5}},"line":51},"5":{"name":"(anonymous_5)","decl":{"start":{"line":56,"column":37},"end":{"line":56,"column":38}},"loc":{"start":{"line":56,"column":43},"end":{"line":67,"column":3}},"line":56},"6":{"name":"(anonymous_6)","decl":{"start":{"line":78,"column":26},"end":{"line":78,"column":27}},"loc":{"start":{"line":78,"column":37},"end":{"line":78,"column":57}},"line":78}},"branchMap":{"0":{"loc":{"start":{"line":24,"column":24},"end":{"line":24,"column":62}},"type":"cond-expr","locations":[{"start":{"line":24,"column":39},"end":{"line":24,"column":57}},{"start":{"line":24,"column":60},"end":{"line":24,"column":62}}],"line":24},"1":{"loc":{"start":{"line":57,"column":4},"end":{"line":60,"column":5}},"type":"if","locations":[{"start":{"line":57,"column":4},"end":{"line":60,"column":5}},{"start":{},"end":{}}],"line":57},"2":{"loc":{"start":{"line":71,"column":7},"end":{"line":107,"column":7}},"type":"cond-expr","locations":[{"start":{"line":72,"column":8},"end":{"line":94,"column":11}},{"start":{"line":96,"column":8},"end":{"line":106,"column":11}}],"line":71},"3":{"loc":{"start":{"line":80,"column":11},"end":{"line":82,"column":18}},"type":"cond-expr","locations":[{"start":{"line":81,"column":12},"end":{"line":81,"column":64}},{"start":{"line":82,"column":14},"end":{"line":82,"column":18}}],"line":80}},"s":{"0":0,"1":0,"2":0,"3":0,"4":0,"5":0,"6":0,"7":0,"8":0,"9":0,"10":0,"11":0,"12":0,"13":0,"14":0,"15":0,"16":0,"17":0,"18":0,"19":0,"20":0,"21":0,"22":0},"f":{"0":0,"1":0,"2":0,"3":0,"4":0,"5":0,"6":0},"b":{"0":[0,0],"1":[0,0],"2":[0,0],"3":[0,0]}}
,"/Users/okjisoo/Desktop/didYouDoThat/didYouDoThat-Client/src/components/screens/NewHabitScreen/NewHabitScreen.style.js": {"path":"/Users/okjisoo/Desktop/didYouDoThat/didYouDoThat-Client/src/components/screens/NewHabitScreen/NewHabitScreen.style.js","statementMap":{"0":{"start":{"line":3,"column":33},"end":{"line":5,"column":1}},"1":{"start":{"line":7,"column":34},"end":{"line":12,"column":1}},"2":{"start":{"line":14,"column":31},"end":{"line":24,"column":1}},"3":{"start":{"line":23,"column":33},"end":{"line":23,"column":53}},"4":{"start":{"line":26,"column":29},"end":{"line":31,"column":1}},"5":{"start":{"line":28,"column":28},"end":{"line":28,"column":48}},"6":{"start":{"line":33,"column":31},"end":{"line":37,"column":1}},"7":{"start":{"line":35,"column":28},"end":{"line":35,"column":47}},"8":{"start":{"line":39,"column":29},"end":{"line":46,"column":1}},"9":{"start":{"line":44,"column":33},"end":{"line":44,"column":50}},"10":{"start":{"line":48,"column":39},"end":{"line":51,"column":1}},"11":{"start":{"line":53,"column":34},"end":{"line":59,"column":1}},"12":{"start":{"line":55,"column":28},"end":{"line":55,"column":47}},"13":{"start":{"line":56,"column":22},"end":{"line":56,"column":49}},"14":{"start":{"line":61,"column":36},"end":{"line":66,"column":1}},"15":{"start":{"line":63,"column":28},"end":{"line":63,"column":48}},"16":{"start":{"line":68,"column":35},"end":{"line":72,"column":1}},"17":{"start":{"line":69,"column":28},"end":{"line":69,"column":47}},"18":{"start":{"line":74,"column":36},"end":{"line":78,"column":1}},"19":{"start":{"line":80,"column":45},"end":{"line":84,"column":1}}},"fnMap":{"0":{"name":"(anonymous_0)","decl":{"start":{"line":23,"column":22},"end":{"line":23,"column":23}},"loc":{"start":{"line":23,"column":33},"end":{"line":23,"column":53}},"line":23},"1":{"name":"(anonymous_1)","decl":{"start":{"line":28,"column":17},"end":{"line":28,"column":18}},"loc":{"start":{"line":28,"column":28},"end":{"line":28,"column":48}},"line":28},"2":{"name":"(anonymous_2)","decl":{"start":{"line":35,"column":17},"end":{"line":35,"column":18}},"loc":{"start":{"line":35,"column":28},"end":{"line":35,"column":47}},"line":35},"3":{"name":"(anonymous_3)","decl":{"start":{"line":44,"column":22},"end":{"line":44,"column":23}},"loc":{"start":{"line":44,"column":33},"end":{"line":44,"column":50}},"line":44},"4":{"name":"(anonymous_4)","decl":{"start":{"line":55,"column":17},"end":{"line":55,"column":18}},"loc":{"start":{"line":55,"column":28},"end":{"line":55,"column":47}},"line":55},"5":{"name":"(anonymous_5)","decl":{"start":{"line":56,"column":11},"end":{"line":56,"column":12}},"loc":{"start":{"line":56,"column":22},"end":{"line":56,"column":49}},"line":56},"6":{"name":"(anonymous_6)","decl":{"start":{"line":63,"column":17},"end":{"line":63,"column":18}},"loc":{"start":{"line":63,"column":28},"end":{"line":63,"column":48}},"line":63},"7":{"name":"(anonymous_7)","decl":{"start":{"line":69,"column":17},"end":{"line":69,"column":18}},"loc":{"start":{"line":69,"column":28},"end":{"line":69,"column":47}},"line":69}},"branchMap":{},"s":{"0":0,"1":0,"2":0,"3":0,"4":0,"5":0,"6":0,"7":0,"8":0,"9":0,"10":0,"11":0,"12":0,"13":0,"14":0,"15":0,"16":0,"17":0,"18":0,"19":0},"f":{"0":0,"1":0,"2":0,"3":0,"4":0,"5":0,"6":0,"7":0},"b":{}}
[...]
,"/Users/okjisoo/Desktop/didYouDoThat/didYouDoThat-Client/src/configs/notificationSetting.js": {"path":"/Users/okjisoo/Desktop/didYouDoThat/didYouDoThat-Client/src/configs/notificationSetting.js","statementMap":{"0":{"start":{"line":3,"column":35},"end":{"line":19,"column":1}}},"fnMap":{},"branchMap":{},"s":{"0":0},"f":{},"b":{}}
,"/Users/okjisoo/Desktop/didYouDoThat/didYouDoThat-Client/src/constants/errorMessage.js": {"path":"/Users/okjisoo/Desktop/didYouDoThat/didYouDoThat-Client/src/constants/errorMessage.js","statementMap":{"0":{"start":{"line":1,"column":22},"end":{"line":3,"column":1}}},"fnMap":{},"branchMap":{},"s":{"0":0},"f":{},"b":{}}
,"/Users/okjisoo/Desktop/didYouDoThat/didYouDoThat-Client/src/constants/keyName.js": {"path":"/Users/okjisoo/Desktop/didYouDoThat/didYouDoThat-Client/src/constants/keyName.js","statementMap":{"0":{"start":{"line":1,"column":32},"end":{"line":5,"column":1}},"1":{"start":{"line":7,"column":30},"end":{"line":13,"column":1}}},"fnMap":{},"branchMap":{},"s":{"0":0,"1":0},"f":{},"b":{}}
,"/Users/okjisoo/Desktop/didYouDoThat/didYouDoThat-Client/src/constants/numbers.js": {"path":"/Users/okjisoo/Desktop/didYouDoThat/didYouDoThat-Client/src/constants/numbers.js","statementMap":{"0":{"start":{"line":1,"column":16},"end":{"line":13,"column":1}}},"fnMap":{},"branchMap":{},"s":{"0":1},"f":{},"b":{},"_coverageSchema":"1a1c01bbd47fc00a2c39e90264f33305004495a9","hash":"ce74052dbe6f2b0842dd6d5a6f9af1fc80a942ee"}
,"/Users/okjisoo/Desktop/didYouDoThat/didYouDoThat-Client/src/constants/theme.style.js": {"path":"/Users/okjisoo/Desktop/didYouDoThat/didYouDoThat-Client/src/constants/theme.style.js","statementMap":{"0":{"start":{"line":1,"column":14},"end":{"line":16,"column":1}}},"fnMap":{},"branchMap":{},"s":{"0":0},"f":{},"b":{}}
,"/Users/okjisoo/Desktop/didYouDoThat/didYouDoThat-Client/src/navigations/MainTabNavigation.js": {"path":"/Users/okjisoo/Desktop/didYouDoThat/didYouDoThat-Client/src/navigations/MainTabNavigation.js","statementMap":{"0":{"start":{"line":10,"column":16},"end":{"line":10,"column":50}},"1":{"start":{"line":11,"column":20},"end":{"line":13,"column":1}},"2":{"start":{"line":12,"column":2},"end":{"line":12,"column":14}},"3":{"start":{"line":15,"column":26},"end":{"line":86,"column":1}},"4":{"start":{"line":16,"column":2},"end":{"line":85,"column":4}},"5":{"start":{"line":22,"column":37},"end":{"line":55,"column":7}},"6":{"start":{"line":28,"column":10},"end":{"line":38,"column":11}},"7":{"start":{"line":30,"column":14},"end":{"line":30,"column":32}},"8":{"start":{"line":31,"column":14},"end":{"line":31,"column":20}},"9":{"start":{"line":33,"column":14},"end":{"line":33,"column":39}},"10":{"start":{"line":34,"column":14},"end":{"line":34,"column":20}},"11":{"start":{"line":36,"column":14},"end":{"line":36,"column":31}},"12":{"start":{"line":37,"column":14},"end":{"line":37,"column":20}},"13":{"start":{"line":40,"column":10},"end":{"line":53,"column":12}},"14":{"start":{"line":70,"column":40},"end":{"line":75,"column":9}},"15":{"start":{"line":72,"column":12},"end":{"line":72,"column":35}},"16":{"start":{"line":73,"column":12},"end":{"line":73,"column":44}}},"fnMap":{"0":{"name":"(anonymous_0)","decl":{"start":{"line":11,"column":20},"end":{"line":11,"column":21}},"loc":{"start":{"line":11,"column":26},"end":{"line":13,"column":1}},"line":11},"1":{"name":"(anonymous_1)","decl":{"start":{"line":15,"column":26},"end":{"line":15,"column":27}},"loc":{"start":{"line":15,"column":32},"end":{"line":86,"column":1}},"line":15},"2":{"name":"(anonymous_2)","decl":{"start":{"line":22,"column":21},"end":{"line":22,"column":22}},"loc":{"start":{"line":22,"column":37},"end":{"line":55,"column":7}},"line":22},"3":{"name":"(anonymous_3)","decl":{"start":{"line":25,"column":20},"end":{"line":25,"column":21}},"loc":{"start":{"line":25,"column":37},"end":{"line":54,"column":9}},"line":25},"4":{"name":"(anonymous_4)","decl":{"start":{"line":70,"column":19},"end":{"line":70,"column":20}},"loc":{"start":{"line":70,"column":40},"end":{"line":75,"column":9}},"line":70},"5":{"name":"(anonymous_5)","decl":{"start":{"line":71,"column":20},"end":{"line":71,"column":21}},"loc":{"start":{"line":71,"column":31},"end":{"line":74,"column":11}},"line":71}},"branchMap":{"0":{"loc":{"start":{"line":28,"column":10},"end":{"line":38,"column":11}},"type":"switch","locations":[{"start":{"line":29,"column":12},"end":{"line":31,"column":20}},{"start":{"line":32,"column":12},"end":{"line":34,"column":20}},{"start":{"line":35,"column":12},"end":{"line":37,"column":20}}],"line":28},"1":{"loc":{"start":{"line":50,"column":23},"end":{"line":50,"column":57}},"type":"cond-expr","locations":[{"start":{"line":50,"column":33},"end":{"line":50,"column":43}},{"start":{"line":50,"column":46},"end":{"line":50,"column":57}}],"line":50}},"s":{"0":0,"1":0,"2":0,"3":0,"4":0,"5":0,"6":0,"7":0,"8":0,"9":0,"10":0,"11":0,"12":0,"13":0,"14":0,"15":0,"16":0},"f":{"0":0,"1":0,"2":0,"3":0,"4":0,"5":0},"b":{"0":[0,0,0],"1":[0,0]}}
,"/Users/okjisoo/Desktop/didYouDoThat/didYouDoThat-Client/src/navigations/ResultStackNavigation.js": {"path":"/Users/okjisoo/Desktop/didYouDoThat/didYouDoThat-Client/src/navigations/ResultStackNavigation.js","statementMap":{"0":{"start":{"line":7,"column":26},"end":{"line":7,"column":54}},"1":{"start":{"line":9,"column":30},"end":{"line":26,"column":1}},"2":{"start":{"line":10,"column":2},"end":{"line":25,"column":4}}},"fnMap":{"0":{"name":"(anonymous_0)","decl":{"start":{"line":9,"column":30},"end":{"line":9,"column":31}},"loc":{"start":{"line":9,"column":36},"end":{"line":26,"column":1}},"line":9}},"branchMap":{},"s":{"0":0,"1":0,"2":0},"f":{"0":0},"b":{}}
,"/Users/okjisoo/Desktop/didYouDoThat/didYouDoThat-Client/src/navigations/RootNavigation.js": {"path":"/Users/okjisoo/Desktop/didYouDoThat/didYouDoThat-Client/src/navigations/RootNavigation.js","statementMap":{"0":{"start":{"line":21,"column":13},"end":{"line":21,"column":41}},"1":{"start":{"line":23,"column":18},"end":{"line":93,"column":1}},"2":{"start":{"line":24,"column":28},"end":{"line":24,"column":51}},"3":{"start":{"line":25,"column":22},"end":{"line":25,"column":38}},"4":{"start":{"line":26,"column":17},"end":{"line":26,"column":28}},"5":{"start":{"line":28,"column":26},"end":{"line":48,"column":3}},"6":{"start":{"line":29,"column":4},"end":{"line":47,"column":5}},"7":{"start":{"line":30,"column":23},"end":{"line":32,"column":7}},"8":{"start":{"line":34,"column":6},"end":{"line":44,"column":7}},"9":{"start":{"line":35,"column":8},"end":{"line":35,"column":31}},"10":{"start":{"line":37,"column":8},"end":{"line":37,"column":73}},"11":{"start":{"line":38,"column":8},"end":{"line":41,"column":11}},"12":{"start":{"line":43,"column":8},"end":{"line":43,"column":74}},"13":{"start":{"line":46,"column":6},"end":{"line":46,"column":39}},"14":{"start":{"line":50,"column":2},"end":{"line":52,"column":16}},"15":{"start":{"line":51,"column":4},"end":{"line":51,"column":22}},"16":{"start":{"line":54,"column":2},"end":{"line":92,"column":4}},"17":{"start":{"line":57,"column":27},"end":{"line":57,"column":42}}},"fnMap":{"0":{"name":"(anonymous_0)","decl":{"start":{"line":23,"column":18},"end":{"line":23,"column":19}},"loc":{"start":{"line":23,"column":24},"end":{"line":93,"column":1}},"line":23},"1":{"name":"(anonymous_1)","decl":{"start":{"line":28,"column":26},"end":{"line":28,"column":27}},"loc":{"start":{"line":28,"column":38},"end":{"line":48,"column":3}},"line":28},"2":{"name":"(anonymous_2)","decl":{"start":{"line":50,"column":12},"end":{"line":50,"column":13}},"loc":{"start":{"line":50,"column":18},"end":{"line":52,"column":3}},"line":50},"3":{"name":"(anonymous_3)","decl":{"start":{"line":57,"column":21},"end":{"line":57,"column":22}},"loc":{"start":{"line":57,"column":27},"end":{"line":57,"column":42}},"line":57}},"branchMap":{"0":{"loc":{"start":{"line":34,"column":6},"end":{"line":44,"column":7}},"type":"if","locations":[{"start":{"line":34,"column":6},"end":{"line":44,"column":7}},{"start":{},"end":{}}],"line":34},"1":{"loc":{"start":{"line":65,"column":7},"end":{"line":90,"column":7}},"type":"cond-expr","locations":[{"start":{"line":66,"column":8},"end":{"line":70,"column":10}},{"start":{"line":72,"column":8},"end":{"line":89,"column":11}}],"line":65}},"s":{"0":0,"1":0,"2":0,"3":0,"4":0,"5":0,"6":0,"7":0,"8":0,"9":0,"10":0,"11":0,"12":0,"13":0,"14":0,"15":0,"16":0,"17":0},"f":{"0":0,"1":0,"2":0,"3":0},"b":{"0":[0,0],"1":[0,0]}}
,"/Users/okjisoo/Desktop/didYouDoThat/didYouDoThat-Client/src/utils/axiosInstance.js": {"path":"/Users/okjisoo/Desktop/didYouDoThat/didYouDoThat-Client/src/utils/axiosInstance.js","statementMap":{"0":{"start":{"line":4,"column":17},"end":{"line":7,"column":2}}},"fnMap":{},"branchMap":{},"s":{"0":0},"f":{},"b":{}}
,"/Users/okjisoo/Desktop/didYouDoThat/didYouDoThat-Client/src/utils/changeServerDateIntoLocalDate.js": {"path":"/Users/okjisoo/Desktop/didYouDoThat/didYouDoThat-Client/src/utils/changeServerDateIntoLocalDate.js","statementMap":{"0":{"start":{"line":1,"column":41},"end":{"line":9,"column":1}},"1":{"start":{"line":2,"column":21},"end":{"line":2,"column":44}},"2":{"start":{"line":4,"column":23},"end":{"line":6,"column":3}},"3":{"start":{"line":8,"column":2},"end":{"line":8,"column":22}}},"fnMap":{"0":{"name":"(anonymous_0)","decl":{"start":{"line":1,"column":41},"end":{"line":1,"column":42}},"loc":{"start":{"line":1,"column":60},"end":{"line":9,"column":1}},"line":1}},"branchMap":{},"s":{"0":0,"1":0,"2":0,"3":0},"f":{"0":0},"b":{}}
,"/Users/okjisoo/Desktop/didYouDoThat/didYouDoThat-Client/src/utils/divideHabitData.js": {"path":"/Users/okjisoo/Desktop/didYouDoThat/didYouDoThat-Client/src/utils/divideHabitData.js","statementMap":{"0":{"start":{"line":4,"column":24},"end":{"line":17,"column":1}},"1":{"start":{"line":5,"column":22},"end":{"line":5,"column":32}},"2":{"start":{"line":7,"column":26},"end":{"line":14,"column":4}},"3":{"start":{"line":8,"column":25},"end":{"line":8,"column":72}},"4":{"start":{"line":10,"column":4},"end":{"line":13,"column":6}},"5":{"start":{"line":16,"column":2},"end":{"line":16,"column":25}}},"fnMap":{"0":{"name":"(anonymous_0)","decl":{"start":{"line":4,"column":24},"end":{"line":4,"column":25}},"loc":{"start":{"line":4,"column":39},"end":{"line":17,"column":1}},"line":4},"1":{"name":"(anonymous_1)","decl":{"start":{"line":7,"column":43},"end":{"line":7,"column":44}},"loc":{"start":{"line":7,"column":54},"end":{"line":14,"column":3}},"line":7}},"branchMap":{"0":{"loc":{"start":{"line":11,"column":6},"end":{"line":12,"column":57}},"type":"binary-expr","locations":[{"start":{"line":11,"column":6},"end":{"line":11,"column":57}},{"start":{"line":12,"column":6},"end":{"line":12,"column":57}}],"line":11}},"s":{"0":0,"1":0,"2":0,"3":0,"4":0,"5":0},"f":{"0":0,"1":0},"b":{"0":[0,0]}}
,"/Users/okjisoo/Desktop/didYouDoThat/didYouDoThat-Client/src/utils/informAlert.js": {"path":"/Users/okjisoo/Desktop/didYouDoThat/didYouDoThat-Client/src/utils/informAlert.js","statementMap":{"0":{"start":{"line":4,"column":18},"end":{"line":10,"column":1}},"1":{"start":{"line":5,"column":17},"end":{"line":7,"column":8}},"2":{"start":{"line":6,"column":4},"end":{"line":6,"column":51}},"3":{"start":{"line":9,"column":2},"end":{"line":9,"column":16}}},"fnMap":{"0":{"name":"(anonymous_0)","decl":{"start":{"line":4,"column":18},"end":{"line":4,"column":19}},"loc":{"start":{"line":4,"column":24},"end":{"line":10,"column":1}},"line":4},"1":{"name":"(anonymous_1)","decl":{"start":{"line":5,"column":29},"end":{"line":5,"column":30}},"loc":{"start":{"line":5,"column":46},"end":{"line":7,"column":3}},"line":5}},"branchMap":{},"s":{"0":0,"1":0,"2":0,"3":0},"f":{"0":0,"1":0},"b":{}}
,"/Users/okjisoo/Desktop/didYouDoThat/didYouDoThat-Client/src/utils/useGetDateInfo.js": {"path":"/Users/okjisoo/Desktop/didYouDoThat/didYouDoThat-Client/src/utils/useGetDateInfo.js","statementMap":{"0":{"start":{"line":1,"column":23},"end":{"line":7,"column":1}},"1":{"start":{"line":2,"column":2},"end":{"line":6,"column":4}}},"fnMap":{"0":{"name":"(anonymous_0)","decl":{"start":{"line":1,"column":23},"end":{"line":1,"column":24}},"loc":{"start":{"line":1,"column":39},"end":{"line":7,"column":1}},"line":1}},"branchMap":{},"s":{"0":0,"1":0},"f":{"0":0},"b":{}}
,"/Users/okjisoo/Desktop/didYouDoThat/didYouDoThat-Client/src/utils/userAsyncStorage.js": {"path":"/Users/okjisoo/Desktop/didYouDoThat/didYouDoThat-Client/src/utils/userAsyncStorage.js","statementMap":{"0":{"start":{"line":3,"column":25},"end":{"line":3,"column":27}},"1":{"start":{"line":5,"column":0},"end":{"line":18,"column":2}},"2":{"start":{"line":6,"column":2},"end":{"line":17,"column":3}},"3":{"start":{"line":7,"column":29},"end":{"line":7,"column":71}},"4":{"start":{"line":9,"column":4},"end":{"line":11,"column":5}},"5":{"start":{"line":10,"column":6},"end":{"line":10,"column":19}},"6":{"start":{"line":13,"column":22},"end":{"line":13,"column":50}},"7":{"start":{"line":14,"column":4},"end":{"line":14,"column":21}},"8":{"start":{"line":16,"column":4},"end":{"line":16,"column":15}},"9":{"start":{"line":20,"column":0},"end":{"line":22,"column":2}},"10":{"start":{"line":21,"column":2},"end":{"line":21,"column":68}},"11":{"start":{"line":24,"column":0},"end":{"line":26,"column":2}},"12":{"start":{"line":25,"column":2},"end":{"line":25,"column":49}}},"fnMap":{"0":{"name":"(anonymous_0)","decl":{"start":{"line":5,"column":32},"end":{"line":5,"column":33}},"loc":{"start":{"line":5,"column":58},"end":{"line":18,"column":1}},"line":5},"1":{"name":"(anonymous_1)","decl":{"start":{"line":20,"column":27},"end":{"line":20,"column":28}},"loc":{"start":{"line":20,"column":53},"end":{"line":22,"column":1}},"line":20},"2":{"name":"(anonymous_2)","decl":{"start":{"line":24,"column":35},"end":{"line":24,"column":36}},"loc":{"start":{"line":24,"column":55},"end":{"line":26,"column":1}},"line":24}},"branchMap":{"0":{"loc":{"start":{"line":9,"column":4},"end":{"line":11,"column":5}},"type":"if","locations":[{"start":{"line":9,"column":4},"end":{"line":11,"column":5}},{"start":{},"end":{}}],"line":9}},"s":{"0":0,"1":0,"2":0,"3":0,"4":0,"5":0,"6":0,"7":0,"8":0,"9":0,"10":0,"11":0,"12":0},"f":{"0":0,"1":0,"2":0},"b":{"0":[0,0]}}
,"/Users/okjisoo/Desktop/didYouDoThat/didYouDoThat-Client/src/utils/api/auth.js": {"path":"/Users/okjisoo/Desktop/didYouDoThat/didYouDoThat-Client/src/utils/api/auth.js","statementMap":{"0":{"start":{"line":3,"column":16},"end":{"line":3,"column":18}},"1":{"start":{"line":5,"column":0},"end":{"line":8,"column":2}},"2":{"start":{"line":6,"column":19},"end":{"line":6,"column":58}},"3":{"start":{"line":7,"column":2},"end":{"line":7,"column":23}}},"fnMap":{"0":{"name":"(anonymous_0)","decl":{"start":{"line":5,"column":20},"end":{"line":5,"column":21}},"loc":{"start":{"line":5,"column":43},"end":{"line":8,"column":1}},"line":5}},"branchMap":{},"s":{"0":0,"1":0,"2":0,"3":0},"f":{"0":0},"b":{}}
,"/Users/okjisoo/Desktop/didYouDoThat/didYouDoThat-Client/src/utils/api/habit.js": {"path":"/Users/okjisoo/Desktop/didYouDoThat/didYouDoThat-Client/src/utils/api/habit.js","statementMap":{"0":{"start":{"line":4,"column":17},"end":{"line":4,"column":19}},"1":{"start":{"line":6,"column":0},"end":{"line":11,"column":2}},"2":{"start":{"line":7,"column":17},"end":{"line":7,"column":28}},"3":{"start":{"line":8,"column":19},"end":{"line":8,"column":54}},"4":{"start":{"line":10,"column":2},"end":{"line":10,"column":23}},"5":{"start":{"line":13,"column":0},"end":{"line":25,"column":2}},"6":{"start":{"line":14,"column":17},"end":{"line":16,"column":39}},"7":{"start":{"line":17,"column":17},"end":{"line":17,"column":28}},"8":{"start":{"line":18,"column":27},"end":{"line":18,"column":37}},"9":{"start":{"line":20,"column":19},"end":{"line":22,"column":3}},"10":{"start":{"line":24,"column":2},"end":{"line":24,"column":23}},"11":{"start":{"line":27,"column":0},"end":{"line":34,"column":2}},"12":{"start":{"line":28,"column":19},"end":{"line":31,"column":4}},"13":{"start":{"line":33,"column":2},"end":{"line":33,"column":23}},"14":{"start":{"line":36,"column":0},"end":{"line":44,"column":2}},"15":{"start":{"line":37,"column":27},"end":{"line":37,"column":37}},"16":{"start":{"line":39,"column":19},"end":{"line":41,"column":4}},"17":{"start":{"line":43,"column":2},"end":{"line":43,"column":23}},"18":{"start":{"line":46,"column":0},"end":{"line":50,"column":2}},"19":{"start":{"line":47,"column":19},"end":{"line":47,"column":75}},"20":{"start":{"line":49,"column":2},"end":{"line":49,"column":23}}},"fnMap":{"0":{"name":"(anonymous_0)","decl":{"start":{"line":6,"column":24},"end":{"line":6,"column":25}},"loc":{"start":{"line":6,"column":48},"end":{"line":11,"column":1}},"line":6},"1":{"name":"(anonymous_1)","decl":{"start":{"line":13,"column":38},"end":{"line":13,"column":39}},"loc":{"start":{"line":13,"column":77},"end":{"line":25,"column":1}},"line":13},"2":{"name":"(anonymous_2)","decl":{"start":{"line":27,"column":24},"end":{"line":27,"column":25}},"loc":{"start":{"line":27,"column":70},"end":{"line":34,"column":1}},"line":27},"3":{"name":"(anonymous_3)","decl":{"start":{"line":36,"column":29},"end":{"line":36,"column":30}},"loc":{"start":{"line":36,"column":60},"end":{"line":44,"column":1}},"line":36},"4":{"name":"(anonymous_4)","decl":{"start":{"line":46,"column":23},"end":{"line":46,"column":24}},"loc":{"start":{"line":46,"column":54},"end":{"line":50,"column":1}},"line":46}},"branchMap":{"0":{"loc":{"start":{"line":13,"column":57},"end":{"line":13,"column":70}},"type":"default-arg","locations":[{"start":{"line":13,"column":69},"end":{"line":13,"column":70}}],"line":13},"1":{"loc":{"start":{"line":14,"column":17},"end":{"line":16,"column":39}},"type":"cond-expr","locations":[{"start":{"line":15,"column":6},"end":{"line":15,"column":39}},{"start":{"line":16,"column":6},"end":{"line":16,"column":39}}],"line":14}},"s":{"0":0,"1":0,"2":0,"3":0,"4":0,"5":0,"6":0,"7":0,"8":0,"9":0,"10":0,"11":0,"12":0,"13":0,"14":0,"15":0,"16":0,"17":0,"18":0,"19":0,"20":0},"f":{"0":0,"1":0,"2":0,"3":0,"4":0},"b":{"0":[0],"1":[0,0]}}
}
